7/17/2025, 10:30:23 AM GMT+2 0: 

----------------------------------------------
7/17/2025, 10:30:23 AM GMT+2 1: Discord starting: {"releaseChannel":"stable","version":"0.0.102"}, modulepath: /home/nikzo/.config/discord/0.0.102/modules
7/17/2025, 10:30:23 AM GMT+2 2: ✅ webContents.created web1 "index.html"
7/17/2025, 10:30:23 AM GMT+2 3: ✅ window.created win1 "discord"
7/17/2025, 10:30:24 AM GMT+2 4: ✅ webContents.did-finish-load web1
7/17/2025, 10:30:33 AM GMT+2 5: ✅ webContents.created web2 ""
7/17/2025, 10:30:33 AM GMT+2 6: ✅ window.created win2 "Discord"
7/17/2025, 10:30:34 AM GMT+2 7: ✅ webContents.did-finish-load web2
7/17/2025, 10:30:35 AM GMT+2 8: window.close win1
7/17/2025, 10:30:35 AM GMT+2 9: webContents.destroyed web1
7/17/2025, 10:30:35 AM GMT+2 10: window.closed win1
7/17/2025, 10:32:06 AM GMT+2 11: window.close win2
7/17/2025, 10:32:25 AM GMT+2 0: 

----------------------------------------------
7/17/2025, 10:32:29 AM GMT+2 12: window.close win2
7/17/2025, 10:32:36 AM GMT+2 0: 

----------------------------------------------
7/17/2025, 10:32:41 AM GMT+2 13: window.close win2
7/17/2025, 10:33:10 AM GMT+2 14: before-quit
7/17/2025, 10:33:10 AM GMT+2 15: window.close win2
7/17/2025, 10:33:10 AM GMT+2 16: ❌ child-process-gone {
  type: 'Utility',
  reason: 'killed',
  exitCode: 15,
  serviceName: 'audio.mojom.AudioService',
  name: 'Audio Service'
}
7/17/2025, 10:33:14 AM GMT+2 0: 

----------------------------------------------
7/17/2025, 10:33:14 AM GMT+2 1: Discord starting: {"releaseChannel":"stable","version":"0.0.102"}, modulepath: /home/nikzo/.config/discord/0.0.102/modules
7/17/2025, 10:33:14 AM GMT+2 2: ✅ webContents.created web1 "index.html"
7/17/2025, 10:33:14 AM GMT+2 3: ✅ window.created win1 "discord"
7/17/2025, 10:33:14 AM GMT+2 4: ✅ webContents.did-finish-load web1
7/17/2025, 10:33:15 AM GMT+2 5: ✅ webContents.created web2 ""
7/17/2025, 10:33:15 AM GMT+2 6: ✅ window.created win2 "Discord"
7/17/2025, 10:33:16 AM GMT+2 7: ✅ webContents.did-finish-load web2
7/17/2025, 10:33:17 AM GMT+2 8: window.close win1
7/17/2025, 10:33:17 AM GMT+2 9: webContents.destroyed web1
7/17/2025, 10:33:17 AM GMT+2 10: window.closed win1
7/17/2025, 10:35:28 AM GMT+2 11: before-quit
7/17/2025, 10:35:28 AM GMT+2 12: window.close win2
7/17/2025, 10:35:28 AM GMT+2 13: webContents.destroyed web2
7/17/2025, 10:35:35 AM GMT+2 0: 

----------------------------------------------
7/17/2025, 10:35:35 AM GMT+2 1: Discord starting: {"releaseChannel":"stable","version":"0.0.102"}, modulepath: /home/nikzo/.config/discord/0.0.102/modules
7/17/2025, 10:35:35 AM GMT+2 2: ✅ webContents.created web1 "index.html"
7/17/2025, 10:35:35 AM GMT+2 3: ✅ window.created win1 "discord"
7/17/2025, 10:35:35 AM GMT+2 4: ✅ webContents.did-finish-load web1
7/17/2025, 10:35:36 AM GMT+2 5: ✅ webContents.created web2 ""
7/17/2025, 10:35:36 AM GMT+2 6: ✅ window.created win2 "Discord"
7/17/2025, 10:35:37 AM GMT+2 7: ✅ webContents.did-finish-load web2
7/17/2025, 10:35:38 AM GMT+2 8: window.close win1
7/17/2025, 10:35:38 AM GMT+2 9: webContents.destroyed web1
7/17/2025, 10:35:38 AM GMT+2 10: window.closed win1
7/17/2025, 10:35:40 AM GMT+2 11: ✅ webContents.did-finish-load web2
7/17/2025, 10:38:07 AM GMT+2 0: 

----------------------------------------------
7/17/2025, 10:38:07 AM GMT+2 1: Discord starting: {"releaseChannel":"stable","version":"0.0.102"}, modulepath: /home/nikzo/.config/discord/0.0.102/modules
7/17/2025, 10:38:07 AM GMT+2 2: ✅ webContents.created web1 ""
7/17/2025, 10:38:07 AM GMT+2 3: ✅ window.created win1 "discord"
7/17/2025, 10:38:07 AM GMT+2 4: ✅ webContents.did-finish-load web1
7/17/2025, 10:38:08 AM GMT+2 5: ✅ webContents.created web2 ""
7/17/2025, 10:38:08 AM GMT+2 6: ✅ window.created win2 "Discord"
7/17/2025, 10:38:08 AM GMT+2 7: ✅ webContents.did-finish-load web2
7/17/2025, 10:38:09 AM GMT+2 8: window.close win1
7/17/2025, 10:38:09 AM GMT+2 9: webContents.destroyed web1
7/17/2025, 10:38:09 AM GMT+2 10: window.closed win1
7/17/2025, 10:38:43 AM GMT+2 11: window.close win2
7/17/2025, 10:39:31 AM GMT+2 12: before-quit
7/17/2025, 6:25:59 PM GMT+2 0: 

----------------------------------------------
7/17/2025, 6:25:59 PM GMT+2 1: Discord starting: {"releaseChannel":"stable","version":"0.0.102"}, modulepath: /home/nikzo/.config/discord/0.0.102/modules
7/17/2025, 6:25:59 PM GMT+2 2: ✅ webContents.created web1 ""
7/17/2025, 6:25:59 PM GMT+2 3: ✅ window.created win1 "discord"
7/17/2025, 6:25:59 PM GMT+2 4: ✅ webContents.did-finish-load web1
7/17/2025, 6:26:00 PM GMT+2 5: ✅ webContents.created web2 ""
7/17/2025, 6:26:00 PM GMT+2 6: ✅ window.created win2 "Discord"
7/17/2025, 6:26:00 PM GMT+2 7: ✅ webContents.did-finish-load web2
7/17/2025, 6:26:01 PM GMT+2 8: window.close win1
7/17/2025, 6:26:01 PM GMT+2 9: webContents.destroyed web1
7/17/2025, 6:26:01 PM GMT+2 10: window.closed win1
7/17/2025, 6:27:46 PM GMT+2 11: window.close win2
7/17/2025, 11:41:47 PM GMT+2 12: before-quit
7/17/2025, 11:41:47 PM GMT+2 13: window.close win2
7/17/2025, 11:41:47 PM GMT+2 14: ❌ child-process-gone {
  type: 'Utility',
  reason: 'killed',
  exitCode: 15,
  serviceName: 'network.mojom.NetworkService',
  name: 'Network Service'
}
7/19/2025, 11:12:28 AM GMT+2 0: 

----------------------------------------------
7/19/2025, 11:12:28 AM GMT+2 1: Discord starting: {"releaseChannel":"stable","version":"0.0.102"}, modulepath: /home/nikzo/.config/discord/0.0.102/modules
7/19/2025, 11:12:28 AM GMT+2 2: ✅ webContents.created web1 ""
7/19/2025, 11:12:28 AM GMT+2 3: ✅ window.created win1 "discord"
7/19/2025, 11:12:29 AM GMT+2 4: ✅ webContents.did-finish-load web1
7/19/2025, 11:12:29 AM GMT+2 5: ✅ webContents.created web2 ""
7/19/2025, 11:12:29 AM GMT+2 6: ✅ window.created win2 "Discord"
7/19/2025, 11:12:30 AM GMT+2 7: ✅ webContents.did-finish-load web2
7/19/2025, 11:12:31 AM GMT+2 8: window.close win1
7/19/2025, 11:12:31 AM GMT+2 9: webContents.destroyed web1
7/19/2025, 11:12:31 AM GMT+2 10: window.closed win1
7/19/2025, 11:15:08 AM GMT+2 11: before-quit
7/20/2025, 7:58:17 PM GMT+2 0: 

----------------------------------------------
7/20/2025, 7:58:17 PM GMT+2 1: Discord starting: {"releaseChannel":"stable","version":"0.0.102"}, modulepath: /home/nikzo/.config/discord/0.0.102/modules
7/20/2025, 7:58:17 PM GMT+2 2: ✅ webContents.created web1 ""
7/20/2025, 7:58:17 PM GMT+2 3: ✅ window.created win1 "discord"
7/20/2025, 7:58:18 PM GMT+2 4: ✅ webContents.did-finish-load web1
7/20/2025, 7:58:18 PM GMT+2 5: ✅ webContents.created web2 ""
7/20/2025, 7:58:18 PM GMT+2 6: ✅ window.created win2 "Discord"
7/20/2025, 7:58:19 PM GMT+2 7: ✅ webContents.did-finish-load web2
7/20/2025, 7:58:20 PM GMT+2 8: window.close win1
7/20/2025, 7:58:20 PM GMT+2 9: webContents.destroyed web1
7/20/2025, 7:58:20 PM GMT+2 10: window.closed win1
7/20/2025, 7:58:27 PM GMT+2 11: window.close win2
