2025-07-16 15:04:45 Loading main app package /usr/lib/obsidian/obsidian.asar
2025-07-16 15:04:46 Checking for update using Github
2025-07-16 15:04:46 Success.
2025-07-16 15:04:46 Latest version is 1.8.10
2025-07-16 15:04:46 App is up to date.
2025-07-16 15:06:34 Loading main app package /usr/lib/obsidian/obsidian.asar
2025-07-16 15:06:35 Checking for update using Github
2025-07-16 15:06:35 Success.
2025-07-16 15:06:35 Latest version is 1.8.10
2025-07-16 15:06:35 App is up to date.
2025-07-16 15:13:29 Loading main app package /usr/lib/obsidian/obsidian.asar
2025-07-16 15:13:29 Checking for update using Github
2025-07-16 15:13:29 Success.
2025-07-16 15:13:29 Latest version is 1.8.10
2025-07-16 15:13:29 App is up to date.
2025-07-16 15:35:37 Loading main app package /usr/lib/obsidian/obsidian.asar
2025-07-16 15:35:38 Checking for update using Github
2025-07-16 15:35:38 Success.
2025-07-16 15:35:38 Latest version is 1.8.10
2025-07-16 15:35:38 App is up to date.
2025-07-16 16:09:52 Loading main app package /usr/lib/obsidian/obsidian.asar
2025-07-16 16:09:52 Checking for update using Github
2025-07-16 16:09:53 Success.
2025-07-16 16:09:53 Latest version is 1.8.10
2025-07-16 16:09:53 App is up to date.
2025-07-16 16:12:10 Loading main app package /usr/lib/obsidian/obsidian.asar
2025-07-16 16:12:10 Checking for update using Github
2025-07-16 16:12:10 Success.
2025-07-16 16:12:10 Latest version is 1.8.10
2025-07-16 16:12:10 App is up to date.
2025-07-16 17:12:10 Checking for update using Github
2025-07-16 17:12:10 Success.
2025-07-16 17:12:10 Latest version is 1.8.10
2025-07-16 17:12:10 App is up to date.
2025-07-16 18:12:10 Checking for update using Github
2025-07-16 18:12:10 Success.
2025-07-16 18:12:10 Latest version is 1.8.10
2025-07-16 18:12:10 App is up to date.
2025-07-16 20:19:38 Loading main app package /usr/lib/obsidian/obsidian.asar
2025-07-16 20:19:41 Checking for update using Github
2025-07-16 20:19:42 Success.
2025-07-16 20:19:42 Latest version is 1.8.10
2025-07-16 20:19:42 App is up to date.
2025-07-16 20:58:54 Loading main app package /usr/lib/obsidian/obsidian.asar
2025-07-16 20:58:54 Checking for update using Github
2025-07-16 20:58:54 Success.
2025-07-16 20:58:54 Latest version is 1.8.10
2025-07-16 20:58:54 App is up to date.
2025-07-16 21:04:45 Loading main app package /usr/lib/obsidian/obsidian.asar
2025-07-16 21:04:45 Checking for update using Github
2025-07-16 21:04:46 Success.
2025-07-16 21:04:46 Latest version is 1.8.10
2025-07-16 21:04:46 App is up to date.
2025-07-16 21:05:57 Loading main app package /usr/lib/obsidian/obsidian.asar
2025-07-16 21:05:57 Checking for update using Github
2025-07-16 21:06:07 Loading main app package /usr/lib/obsidian/obsidian.asar
2025-07-16 21:06:07 Checking for update using Github
2025-07-16 21:06:16 Loading main app package /usr/lib/obsidian/obsidian.asar
2025-07-16 21:06:16 Checking for update using Github
2025-07-16 21:06:30 Loading main app package /usr/lib/obsidian/obsidian.asar
2025-07-16 21:06:31 Checking for update using Github
2025-07-16 21:06:31 Success.
2025-07-16 21:06:31 Latest version is 1.8.10
2025-07-16 21:06:31 App is up to date.
2025-07-16 21:06:55 Loading main app package /usr/lib/obsidian/obsidian.asar
2025-07-16 21:06:55 Checking for update using Github
2025-07-16 21:06:55 Success.
2025-07-16 21:06:55 Latest version is 1.8.10
2025-07-16 21:06:55 App is up to date.
2025-07-16 21:08:28 Loading main app package /usr/lib/obsidian/obsidian.asar
2025-07-16 21:08:29 Checking for update using Github
2025-07-16 21:08:29 Success.
2025-07-16 21:08:29 Latest version is 1.8.10
2025-07-16 21:08:29 App is up to date.
2025-07-16 21:09:37 Loading main app package /usr/lib/obsidian/obsidian.asar
2025-07-16 21:09:37 Checking for update using Github
2025-07-16 21:09:37 Success.
2025-07-16 21:09:37 Latest version is 1.8.10
2025-07-16 21:09:37 App is up to date.
2025-07-16 21:10:15 Loading main app package /usr/lib/obsidian/obsidian.asar
2025-07-16 21:10:15 Checking for update using Github
2025-07-16 21:10:15 Success.
2025-07-16 21:10:15 Latest version is 1.8.10
2025-07-16 21:10:15 App is up to date.
2025-07-16 21:11:34 Loading main app package /usr/lib/obsidian/obsidian.asar
2025-07-16 21:11:35 Checking for update using Github
2025-07-16 21:11:35 Success.
2025-07-16 21:11:35 Latest version is 1.8.10
2025-07-16 21:11:35 App is up to date.
2025-07-16 21:14:01 Loading main app package /usr/lib/obsidian/obsidian.asar
2025-07-16 21:14:01 Checking for update using Github
2025-07-16 21:14:01 Success.
2025-07-16 21:14:01 Latest version is 1.8.10
2025-07-16 21:14:01 App is up to date.
2025-07-16 21:21:52 Loading main app package /usr/lib/obsidian/obsidian.asar
2025-07-16 21:21:52 Checking for update using Github
2025-07-16 21:21:52 Success.
2025-07-16 21:21:52 Latest version is 1.8.10
2025-07-16 21:21:52 App is up to date.
2025-07-17 08:07:24 Loading main app package /usr/lib/obsidian/obsidian.asar
2025-07-17 08:07:24 Checking for update using Github
2025-07-17 08:07:25 Success.
2025-07-17 08:07:25 Latest version is 1.8.10
2025-07-17 08:07:25 App is up to date.
2025-07-17 08:37:53 Loading main app package /usr/lib/obsidian/obsidian.asar
2025-07-17 08:37:53 Checking for update using Github
2025-07-17 08:37:53 Success.
2025-07-17 08:37:53 Latest version is 1.8.10
2025-07-17 08:37:53 App is up to date.
2025-07-17 08:40:06 Loading main app package /usr/lib/obsidian/obsidian.asar
2025-07-17 08:40:06 Checking for update using Github
2025-07-17 08:40:06 Success.
2025-07-17 08:40:06 Latest version is 1.8.10
2025-07-17 08:40:06 App is up to date.
2025-07-17 11:23:39 Loading main app package /usr/lib/obsidian/obsidian.asar
2025-07-17 11:23:39 Checking for update using Github
2025-07-17 11:23:39 Success.
2025-07-17 11:23:39 Latest version is 1.8.10
2025-07-17 11:23:39 App is up to date.
2025-07-17 11:23:46 Loading main app package /usr/lib/obsidian/obsidian.asar
2025-07-17 11:23:46 Checking for update using Github
2025-07-17 11:23:46 Success.
2025-07-17 11:23:46 Latest version is 1.8.10
2025-07-17 11:23:46 App is up to date.
2025-07-17 12:30:10 Loading main app package /usr/lib/obsidian/obsidian.asar
2025-07-17 12:30:10 Checking for update using Github
2025-07-17 12:30:10 Success.
2025-07-17 12:30:10 Latest version is 1.8.10
2025-07-17 12:30:10 App is up to date.
2025-07-17 12:44:27 Loading main app package /usr/lib/obsidian/obsidian.asar
2025-07-17 12:44:27 Checking for update using Github
2025-07-17 12:44:28 Success.
2025-07-17 12:44:28 Latest version is 1.8.10
2025-07-17 12:44:28 App is up to date.
2025-07-17 12:46:24 Loading main app package /usr/lib/obsidian/obsidian.asar
2025-07-17 12:46:24 Checking for update using Github
2025-07-17 12:46:24 Success.
2025-07-17 12:46:24 Latest version is 1.8.10
2025-07-17 12:46:24 App is up to date.
2025-07-17 16:14:49 Loading main app package /usr/lib/obsidian/obsidian.asar
2025-07-17 16:14:49 Checking for update using Github
2025-07-17 16:14:49 Success.
2025-07-17 16:14:49 Latest version is 1.8.10
2025-07-17 16:14:49 App is up to date.
2025-07-17 17:14:49 Checking for update using Github
2025-07-17 17:14:49 Success.
2025-07-17 17:14:49 Latest version is 1.8.10
2025-07-17 17:14:49 App is up to date.
2025-07-17 18:14:49 Checking for update using Github
2025-07-17 18:14:49 Success.
2025-07-17 18:14:49 Latest version is 1.8.10
2025-07-17 18:14:49 App is up to date.
2025-07-17 19:14:49 Checking for update using Github
2025-07-17 19:14:49 Success.
2025-07-17 19:14:49 Latest version is 1.8.10
2025-07-17 19:14:49 App is up to date.
2025-07-17 19:16:45 Loading main app package /usr/lib/obsidian/obsidian.asar
2025-07-17 19:16:45 Checking for update using Github
2025-07-17 19:16:45 Success.
2025-07-17 19:16:45 Latest version is 1.8.10
2025-07-17 19:16:45 App is up to date.
2025-07-17 19:17:36 Loading main app package /usr/lib/obsidian/obsidian.asar
2025-07-17 19:17:36 Checking for update using Github
2025-07-17 19:17:37 Success.
2025-07-17 19:17:37 Latest version is 1.8.10
2025-07-17 19:17:37 App is up to date.
2025-07-17 19:17:55 Loading main app package /usr/lib/obsidian/obsidian.asar
2025-07-17 19:17:56 Checking for update using Github
2025-07-17 19:17:56 Success.
2025-07-17 19:17:56 Latest version is 1.8.10
2025-07-17 19:17:56 App is up to date.
2025-07-17 19:18:52 Loading main app package /usr/lib/obsidian/obsidian.asar
2025-07-17 19:18:52 Checking for update using Github
2025-07-17 19:18:52 Success.
2025-07-17 19:18:52 Latest version is 1.8.10
2025-07-17 19:18:52 App is up to date.
2025-07-18 07:48:14 Loading main app package /usr/lib/obsidian/obsidian.asar
2025-07-18 07:48:15 Checking for update using Github
2025-07-18 07:48:15 Success.
2025-07-18 07:48:15 Latest version is 1.8.10
2025-07-18 07:48:15 App is up to date.
2025-07-18 09:46:04 Loading main app package /usr/lib/obsidian/obsidian.asar
2025-07-18 09:46:04 Checking for update using Github
2025-07-18 09:46:05 Success.
2025-07-18 09:46:05 Latest version is 1.8.10
2025-07-18 09:46:05 App is up to date.
2025-07-18 09:49:06 Loading main app package /usr/lib/obsidian/obsidian.asar
2025-07-18 09:49:07 Checking for update using Github
2025-07-18 09:49:07 Success.
2025-07-18 09:49:07 Latest version is 1.8.10
2025-07-18 09:49:07 App is up to date.
2025-07-18 09:56:20 Loading main app package /usr/lib/obsidian/obsidian.asar
2025-07-18 09:56:21 Checking for update using Github
2025-07-18 09:56:21 Success.
2025-07-18 09:56:21 Latest version is 1.8.10
2025-07-18 09:56:21 App is up to date.
2025-07-18 10:10:10 Loading main app package /usr/lib/obsidian/obsidian.asar
2025-07-18 10:10:11 Checking for update using Github
2025-07-18 10:10:11 Success.
2025-07-18 10:10:11 Latest version is 1.8.10
2025-07-18 10:10:11 App is up to date.
2025-07-18 12:49:19 Loading main app package /usr/lib/obsidian/obsidian.asar
2025-07-18 12:49:19 Checking for update using Github
2025-07-18 12:49:19 Success.
2025-07-18 12:49:19 Latest version is 1.8.10
2025-07-18 12:49:19 App is up to date.
2025-07-18 14:49:32 Loading main app package /usr/lib/obsidian/obsidian.asar
2025-07-18 14:49:32 Checking for update using Github
2025-07-18 14:49:32 Success.
2025-07-18 14:49:32 Latest version is 1.8.10
2025-07-18 14:49:32 App is up to date.
2025-07-18 15:49:32 Checking for update using Github
2025-07-18 15:49:32 Success.
2025-07-18 15:49:32 Latest version is 1.8.10
2025-07-18 15:49:32 App is up to date.
2025-07-18 16:49:32 Checking for update using Github
2025-07-18 16:49:32 Success.
2025-07-18 16:49:32 Latest version is 1.8.10
2025-07-18 16:49:32 App is up to date.
2025-07-18 17:49:32 Checking for update using Github
2025-07-18 17:49:32 Success.
2025-07-18 17:49:32 Latest version is 1.8.10
2025-07-18 17:49:32 App is up to date.
2025-07-18 19:18:28 Loading main app package /usr/lib/obsidian/obsidian.asar
2025-07-18 19:18:29 Checking for update using Github
2025-07-18 19:18:29 Success.
2025-07-18 19:18:29 Latest version is 1.8.10
2025-07-18 19:18:29 App is up to date.
2025-07-18 20:18:28 Checking for update using Github
2025-07-18 20:18:28 Success.
2025-07-18 20:18:28 Latest version is 1.8.10
2025-07-18 20:18:28 App is up to date.
2025-07-18 21:18:28 Checking for update using Github
2025-07-18 21:18:28 Success.
2025-07-18 21:18:28 Latest version is 1.8.10
2025-07-18 21:18:28 App is up to date.
2025-07-19 08:31:03 Loading main app package /usr/lib/obsidian/obsidian.asar
2025-07-19 08:31:04 Checking for update using Github
2025-07-19 08:31:04 Failed to check for update using Github (net::ERR_NETWORK_CHANGED)
2025-07-19 08:31:04 Checking for update using obsidian.md
2025-07-19 08:31:04 Failed to check for update using obsidian.md (Unexpected end of JSON input)
2025-07-19 12:28:09 Loading main app package /usr/lib/obsidian/obsidian.asar
2025-07-19 12:28:09 Checking for update using Github
2025-07-19 12:28:10 Success.
2025-07-19 12:28:10 Latest version is 1.8.10
2025-07-19 12:28:10 App is up to date.
2025-07-19 13:28:09 Checking for update using Github
2025-07-19 13:28:09 Success.
2025-07-19 13:28:09 Latest version is 1.8.10
2025-07-19 13:28:09 App is up to date.
2025-07-19 14:28:09 Checking for update using Github
2025-07-19 14:28:09 Success.
2025-07-19 14:28:09 Latest version is 1.8.10
2025-07-19 14:28:09 App is up to date.
2025-07-19 16:12:12 Loading main app package /usr/lib/obsidian/obsidian.asar
2025-07-19 16:12:12 Checking for update using Github
2025-07-19 16:12:12 Success.
2025-07-19 16:12:12 Latest version is 1.8.10
2025-07-19 16:12:12 App is up to date.
2025-07-19 17:12:12 Checking for update using Github
2025-07-19 17:12:12 Success.
2025-07-19 17:12:12 Latest version is 1.8.10
2025-07-19 17:12:12 App is up to date.
2025-07-19 18:12:12 Checking for update using Github
2025-07-19 18:12:12 Success.
2025-07-19 18:12:12 Latest version is 1.8.10
2025-07-19 18:12:12 App is up to date.
2025-07-19 19:12:12 Checking for update using Github
2025-07-19 19:12:12 Success.
2025-07-19 19:12:12 Latest version is 1.8.10
2025-07-19 19:12:12 App is up to date.
2025-07-20 10:30:56 Loading main app package /usr/lib/obsidian/obsidian.asar
2025-07-20 10:30:57 Checking for update using Github
2025-07-20 10:30:57 Success.
2025-07-20 10:30:57 Latest version is 1.8.10
2025-07-20 10:30:57 App is up to date.
2025-07-20 11:30:56 Checking for update using Github
2025-07-20 11:30:56 Success.
2025-07-20 11:30:56 Latest version is 1.8.10
2025-07-20 11:30:56 App is up to date.
2025-07-20 12:30:56 Checking for update using Github
2025-07-20 12:30:56 Success.
2025-07-20 12:30:56 Latest version is 1.8.10
2025-07-20 12:30:56 App is up to date.
2025-07-20 14:51:53 Loading main app package /usr/lib/obsidian/obsidian.asar
2025-07-20 14:51:53 Checking for update using Github
2025-07-20 14:51:53 Success.
2025-07-20 14:51:53 Latest version is 1.8.10
2025-07-20 14:51:53 App is up to date.
2025-07-20 15:15:44 Loading main app package /usr/lib/obsidian/obsidian.asar
2025-07-20 15:15:44 Checking for update using Github
2025-07-20 15:15:44 Success.
2025-07-20 15:15:44 Latest version is 1.8.10
2025-07-20 15:15:44 App is up to date.
2025-07-20 15:30:19 Loading main app package /usr/lib/obsidian/obsidian.asar
2025-07-20 15:30:19 Checking for update using Github
2025-07-20 15:30:19 Success.
2025-07-20 15:30:19 Latest version is 1.8.10
2025-07-20 15:30:19 App is up to date.
2025-07-20 16:30:19 Checking for update using Github
2025-07-20 16:30:19 Success.
2025-07-20 16:30:19 Latest version is 1.8.10
2025-07-20 16:30:19 App is up to date.
2025-07-20 17:30:19 Checking for update using Github
2025-07-20 17:30:19 Success.
2025-07-20 17:30:19 Latest version is 1.8.10
2025-07-20 17:30:19 App is up to date.
2025-07-20 18:30:19 Checking for update using Github
2025-07-20 18:30:19 Success.
2025-07-20 18:30:19 Latest version is 1.8.10
2025-07-20 18:30:19 App is up to date.
