[2025-Jul-17 10:30:38.620 +02:00][ 7464: 7464][info ] Logging initialized
[2025-Jul-17 10:30:38.621 +02:00][ 7464: 7464][info ] Initializing krisp SDK...
[2025-Jul-17 10:30:38.621 +02:00][ 7464: 7464][info ] DoKrispInitialize
[2025-Jul-17 10:30:38.963 +02:00][ 7464: 7464][info ] LoadDynamicKrisp
[2025-Jul-17 10:30:38.963 +02:00][ 7464: 7464][info ] Did not find KRISP_DYLIB_PATH, skipping dynamic loading
[2025-Jul-17 10:30:38.963 +02:00][ 7464: 7464][info ] Initializing Krisp SDK in PID 7464, addr 0x7fdb1a98dc20
[2025-Jul-17 10:30:39.139 +02:00][ 7464: 7464][info ] Initialized Krisp SDK successfully
[2025-Jul-17 10:30:39.139 +02:00][ 7464: 7464][info ] Krisp SDK initialized
[2025-Jul-17 10:32:03.237 +02:00][ 7464: 7464][info ] KrispNCSetModel: model = 
[2025-Jul-17 10:33:17.004 +02:00][ 8778: 8778][info ] Logging initialized
[2025-Jul-17 10:33:17.004 +02:00][ 8778: 8778][info ] Initializing krisp SDK...
[2025-Jul-17 10:33:17.004 +02:00][ 8778: 8778][info ] DoKrispInitialize
[2025-Jul-17 10:33:17.330 +02:00][ 8778: 8778][info ] LoadDynamicKrisp
[2025-Jul-17 10:33:17.330 +02:00][ 8778: 8778][info ] Did not find KRISP_DYLIB_PATH, skipping dynamic loading
[2025-Jul-17 10:33:17.330 +02:00][ 8778: 8778][info ] Initializing Krisp SDK in PID 8778, addr 0x7fa2f8f8dc20
[2025-Jul-17 10:33:17.498 +02:00][ 8778: 8778][info ] Initialized Krisp SDK successfully
[2025-Jul-17 10:33:17.498 +02:00][ 8778: 8778][info ] Krisp SDK initialized
[2025-Jul-17 10:33:22.412 +02:00][ 8778: 8778][info ] KrispNCSetModel: model = 
[2025-Jul-17 10:35:38.207 +02:00][ 9425: 9425][info ] Logging initialized
[2025-Jul-17 10:35:38.207 +02:00][ 9425: 9425][info ] Initializing krisp SDK...
[2025-Jul-17 10:35:38.207 +02:00][ 9425: 9425][info ] DoKrispInitialize
[2025-Jul-17 10:35:38.530 +02:00][ 9425: 9425][info ] LoadDynamicKrisp
[2025-Jul-17 10:35:38.530 +02:00][ 9425: 9425][info ] Did not find KRISP_DYLIB_PATH, skipping dynamic loading
[2025-Jul-17 10:35:38.530 +02:00][ 9425: 9425][info ] Initializing Krisp SDK in PID 9425, addr 0x7fc7acb8dc20
[2025-Jul-17 10:35:38.696 +02:00][ 9425: 9425][info ] Initialized Krisp SDK successfully
[2025-Jul-17 10:35:38.696 +02:00][ 9425: 9425][info ] Krisp SDK initialized
[2025-Jul-17 10:35:40.346 +02:00][ 9425: 9425][info ] Logging initialized
[2025-Jul-17 10:35:40.346 +02:00][ 9425: 9425][info ] Initializing krisp SDK...
[2025-Jul-17 10:35:40.346 +02:00][ 9425: 9425][info ] Krisp SDK initialized
[2025-Jul-17 10:35:44.402 +02:00][ 9425: 9425][info ] KrispNCSetModel: model = 
[2025-Jul-17 10:38:09.431 +02:00][11438:11438][info ] Logging initialized
[2025-Jul-17 10:38:09.431 +02:00][11438:11438][info ] Initializing krisp SDK...
[2025-Jul-17 10:38:09.431 +02:00][11438:11438][info ] DoKrispInitialize
[2025-Jul-17 10:38:09.754 +02:00][11438:11438][info ] LoadDynamicKrisp
[2025-Jul-17 10:38:09.754 +02:00][11438:11438][info ] Did not find KRISP_DYLIB_PATH, skipping dynamic loading
[2025-Jul-17 10:38:09.754 +02:00][11438:11438][info ] Initializing Krisp SDK in PID 11438, addr 0x7f7d3a58dc20
[2025-Jul-17 10:38:09.919 +02:00][11438:11438][info ] Initialized Krisp SDK successfully
[2025-Jul-17 10:38:09.919 +02:00][11438:11438][info ] Krisp SDK initialized
[2025-Jul-17 10:38:14.765 +02:00][11438:11438][info ] KrispNCSetModel: model = 
[2025-Jul-17 18:26:01.740 +02:00][1524330:1524330][info ] Logging initialized
[2025-Jul-17 18:26:01.740 +02:00][1524330:1524330][info ] Initializing krisp SDK...
[2025-Jul-17 18:26:01.740 +02:00][1524330:1524330][info ] DoKrispInitialize
[2025-Jul-17 18:26:02.104 +02:00][1524330:1524330][info ] LoadDynamicKrisp
[2025-Jul-17 18:26:02.104 +02:00][1524330:1524330][info ] Did not find KRISP_DYLIB_PATH, skipping dynamic loading
[2025-Jul-17 18:26:02.104 +02:00][1524330:1524330][info ] Initializing Krisp SDK in PID 1524330, addr 0x7f903358dc20
[2025-Jul-17 18:26:02.278 +02:00][1524330:1524330][info ] Initialized Krisp SDK successfully
[2025-Jul-17 18:26:02.278 +02:00][1524330:1524330][info ] Krisp SDK initialized
[2025-Jul-17 18:26:07.449 +02:00][1524330:1524330][info ] KrispNCSetModel: model = 
[2025-Jul-19 11:12:31.462 +02:00][ 4180: 4180][info ] Logging initialized
[2025-Jul-19 11:12:31.462 +02:00][ 4180: 4180][info ] Initializing krisp SDK...
[2025-Jul-19 11:12:31.462 +02:00][ 4180: 4180][info ] DoKrispInitialize
[2025-Jul-19 11:12:31.798 +02:00][ 4180: 4180][info ] LoadDynamicKrisp
[2025-Jul-19 11:12:31.798 +02:00][ 4180: 4180][info ] Did not find KRISP_DYLIB_PATH, skipping dynamic loading
[2025-Jul-19 11:12:31.798 +02:00][ 4180: 4180][info ] Initializing Krisp SDK in PID 4180, addr 0x7e943db8dc20
[2025-Jul-19 11:12:31.971 +02:00][ 4180: 4180][info ] Initialized Krisp SDK successfully
[2025-Jul-19 11:12:31.971 +02:00][ 4180: 4180][info ] Krisp SDK initialized
[2025-Jul-19 11:12:37.008 +02:00][ 4180: 4180][info ] KrispNCSetModel: model = 
[2025-Jul-20 19:58:20.012 +02:00][31803:31803][info ] Logging initialized
[2025-Jul-20 19:58:20.012 +02:00][31803:31803][info ] Initializing krisp SDK...
[2025-Jul-20 19:58:20.012 +02:00][31803:31803][info ] DoKrispInitialize
[2025-Jul-20 19:58:20.332 +02:00][31803:31803][info ] LoadDynamicKrisp
[2025-Jul-20 19:58:20.332 +02:00][31803:31803][info ] Did not find KRISP_DYLIB_PATH, skipping dynamic loading
[2025-Jul-20 19:58:20.332 +02:00][31803:31803][info ] Initializing Krisp SDK in PID 31803, addr 0x7f5a8b18dc20
[2025-Jul-20 19:58:20.523 +02:00][31803:31803][info ] Initialized Krisp SDK successfully
[2025-Jul-20 19:58:20.523 +02:00][31803:31803][info ] Krisp SDK initialized
[2025-Jul-20 19:58:25.227 +02:00][31803:31803][info ] KrispNCSetModel: model = 
