7/17/2025, 10:30:23 AM GMT+2 [Modules] Modules initializing
7/17/2025, 10:30:23 AM GMT+2 [Modules] Distribution: remote
7/17/2025, 10:30:23 AM GMT+2 [Modules] Host updates: enabled
7/17/2025, 10:30:23 AM GMT+2 [Modules] Module updates: enabled
7/17/2025, 10:30:23 AM GMT+2 [Modules] Module install path: /home/nikzo/.config/discord/0.0.102/modules
7/17/2025, 10:30:23 AM GMT+2 [Modules] Module installed file path: /home/nikzo/.config/discord/0.0.102/modules/installed.json
7/17/2025, 10:30:23 AM GMT+2 [Modules] Module download path: /home/nikzo/.config/discord/0.0.102/modules/pending
7/17/2025, 10:30:24 AM GMT+2 [Modules] Bootstrapping...
7/17/2025, 10:30:24 AM GMT+2 [Modules] Installing discord_desktop_core@0 from /opt/discord/resources/bootstrap/discord_desktop_core.zip
7/17/2025, 10:30:24 AM GMT+2 [Modules] Failed installing discord_desktop_core@0: Error: ENOENT: no such file or directory, open '/opt/discord/resources/bootstrap/discord_desktop_core.zip'
7/17/2025, 10:30:24 AM GMT+2 [Modules] Installing discord_erlpack@0 from /opt/discord/resources/bootstrap/discord_erlpack.zip
7/17/2025, 10:30:24 AM GMT+2 [Modules] Failed installing discord_erlpack@0: Error: ENOENT: no such file or directory, open '/opt/discord/resources/bootstrap/discord_erlpack.zip'
7/17/2025, 10:30:24 AM GMT+2 [Modules] Installing discord_spellcheck@0 from /opt/discord/resources/bootstrap/discord_spellcheck.zip
7/17/2025, 10:30:24 AM GMT+2 [Modules] Failed installing discord_spellcheck@0: Error: ENOENT: no such file or directory, open '/opt/discord/resources/bootstrap/discord_spellcheck.zip'
7/17/2025, 10:30:24 AM GMT+2 [Modules] Installing discord_utils@0 from /opt/discord/resources/bootstrap/discord_utils.zip
7/17/2025, 10:30:24 AM GMT+2 [Modules] Failed installing discord_utils@0: Error: ENOENT: no such file or directory, open '/opt/discord/resources/bootstrap/discord_utils.zip'
7/17/2025, 10:30:24 AM GMT+2 [Modules] Installing discord_voice@0 from /opt/discord/resources/bootstrap/discord_voice.zip
7/17/2025, 10:30:24 AM GMT+2 [Modules] Failed installing discord_voice@0: Error: ENOENT: no such file or directory, open '/opt/discord/resources/bootstrap/discord_voice.zip'
7/17/2025, 10:30:24 AM GMT+2 [Modules] Installing discord_zstd@0 from /opt/discord/resources/bootstrap/discord_zstd.zip
7/17/2025, 10:30:24 AM GMT+2 [Modules] Failed installing discord_zstd@0: Error: ENOENT: no such file or directory, open '/opt/discord/resources/bootstrap/discord_zstd.zip'
7/17/2025, 10:30:24 AM GMT+2 [Modules] Finished module installations. [success: 0] [failure: 6]
7/17/2025, 10:30:24 AM GMT+2 [Modules] Checking for host updates.
7/17/2025, 10:30:24 AM GMT+2 [Modules] Host is up to date.
7/17/2025, 10:30:24 AM GMT+2 [Modules] Checking for module updates at https://discord.com/api/modules/stable/versions.json
7/17/2025, 10:30:24 AM GMT+2 [Modules] Module update available: discord_desktop_core@1 [installed: 0]
7/17/2025, 10:30:24 AM GMT+2 [Modules] Module update available: discord_erlpack@1 [installed: 0]
7/17/2025, 10:30:24 AM GMT+2 [Modules] Module update available: discord_spellcheck@1 [installed: 0]
7/17/2025, 10:30:24 AM GMT+2 [Modules] Module update available: discord_utils@1 [installed: 0]
7/17/2025, 10:30:24 AM GMT+2 [Modules] Module update available: discord_voice@1 [installed: 0]
7/17/2025, 10:30:24 AM GMT+2 [Modules] Module update available: discord_zstd@1 [installed: 0]
7/17/2025, 10:30:24 AM GMT+2 [Modules] Fetching discord_desktop_core@1 from https://discord.com/api/modules/stable/discord_desktop_core/1
7/17/2025, 10:30:24 AM GMT+2 [Modules] Streaming discord_desktop_core@1 to /home/nikzo/.config/discord/0.0.102/modules/pending/discord_desktop_core-1.zip
7/17/2025, 10:30:25 AM GMT+2 [Modules] Streaming discord_desktop_core@1 to /home/nikzo/.config/discord/0.0.102/modules/pending/discord_desktop_core-1.zip: 2%
7/17/2025, 10:30:25 AM GMT+2 [Modules] Streaming discord_desktop_core@1 to /home/nikzo/.config/discord/0.0.102/modules/pending/discord_desktop_core-1.zip: 4%
7/17/2025, 10:30:25 AM GMT+2 [Modules] Streaming discord_desktop_core@1 to /home/nikzo/.config/discord/0.0.102/modules/pending/discord_desktop_core-1.zip: 7%
7/17/2025, 10:30:25 AM GMT+2 [Modules] Streaming discord_desktop_core@1 to /home/nikzo/.config/discord/0.0.102/modules/pending/discord_desktop_core-1.zip: 8%
7/17/2025, 10:30:25 AM GMT+2 [Modules] Streaming discord_desktop_core@1 to /home/nikzo/.config/discord/0.0.102/modules/pending/discord_desktop_core-1.zip: 11%
7/17/2025, 10:30:25 AM GMT+2 [Modules] Streaming discord_desktop_core@1 to /home/nikzo/.config/discord/0.0.102/modules/pending/discord_desktop_core-1.zip: 14%
7/17/2025, 10:30:25 AM GMT+2 [Modules] Streaming discord_desktop_core@1 to /home/nikzo/.config/discord/0.0.102/modules/pending/discord_desktop_core-1.zip: 16%
7/17/2025, 10:30:25 AM GMT+2 [Modules] Streaming discord_desktop_core@1 to /home/nikzo/.config/discord/0.0.102/modules/pending/discord_desktop_core-1.zip: 19%
7/17/2025, 10:30:25 AM GMT+2 [Modules] Streaming discord_desktop_core@1 to /home/nikzo/.config/discord/0.0.102/modules/pending/discord_desktop_core-1.zip: 21%
7/17/2025, 10:30:25 AM GMT+2 [Modules] Streaming discord_desktop_core@1 to /home/nikzo/.config/discord/0.0.102/modules/pending/discord_desktop_core-1.zip: 23%
7/17/2025, 10:30:25 AM GMT+2 [Modules] Streaming discord_desktop_core@1 to /home/nikzo/.config/discord/0.0.102/modules/pending/discord_desktop_core-1.zip: 25%
7/17/2025, 10:30:25 AM GMT+2 [Modules] Streaming discord_desktop_core@1 to /home/nikzo/.config/discord/0.0.102/modules/pending/discord_desktop_core-1.zip: 27%
7/17/2025, 10:30:25 AM GMT+2 [Modules] Streaming discord_desktop_core@1 to /home/nikzo/.config/discord/0.0.102/modules/pending/discord_desktop_core-1.zip: 28%
7/17/2025, 10:30:25 AM GMT+2 [Modules] Streaming discord_desktop_core@1 to /home/nikzo/.config/discord/0.0.102/modules/pending/discord_desktop_core-1.zip: 30%
7/17/2025, 10:30:25 AM GMT+2 [Modules] Streaming discord_desktop_core@1 to /home/nikzo/.config/discord/0.0.102/modules/pending/discord_desktop_core-1.zip: 32%
7/17/2025, 10:30:25 AM GMT+2 [Modules] Streaming discord_desktop_core@1 to /home/nikzo/.config/discord/0.0.102/modules/pending/discord_desktop_core-1.zip: 35%
7/17/2025, 10:30:25 AM GMT+2 [Modules] Streaming discord_desktop_core@1 to /home/nikzo/.config/discord/0.0.102/modules/pending/discord_desktop_core-1.zip: 38%
7/17/2025, 10:30:25 AM GMT+2 [Modules] Streaming discord_desktop_core@1 to /home/nikzo/.config/discord/0.0.102/modules/pending/discord_desktop_core-1.zip: 39%
7/17/2025, 10:30:25 AM GMT+2 [Modules] Streaming discord_desktop_core@1 to /home/nikzo/.config/discord/0.0.102/modules/pending/discord_desktop_core-1.zip: 40%
7/17/2025, 10:30:25 AM GMT+2 [Modules] Streaming discord_desktop_core@1 to /home/nikzo/.config/discord/0.0.102/modules/pending/discord_desktop_core-1.zip: 43%
7/17/2025, 10:30:25 AM GMT+2 [Modules] Streaming discord_desktop_core@1 to /home/nikzo/.config/discord/0.0.102/modules/pending/discord_desktop_core-1.zip: 45%
7/17/2025, 10:30:25 AM GMT+2 [Modules] Streaming discord_desktop_core@1 to /home/nikzo/.config/discord/0.0.102/modules/pending/discord_desktop_core-1.zip: 50%
7/17/2025, 10:30:25 AM GMT+2 [Modules] Streaming discord_desktop_core@1 to /home/nikzo/.config/discord/0.0.102/modules/pending/discord_desktop_core-1.zip: 52%
7/17/2025, 10:30:25 AM GMT+2 [Modules] Streaming discord_desktop_core@1 to /home/nikzo/.config/discord/0.0.102/modules/pending/discord_desktop_core-1.zip: 54%
7/17/2025, 10:30:25 AM GMT+2 [Modules] Streaming discord_desktop_core@1 to /home/nikzo/.config/discord/0.0.102/modules/pending/discord_desktop_core-1.zip: 57%
7/17/2025, 10:30:25 AM GMT+2 [Modules] Streaming discord_desktop_core@1 to /home/nikzo/.config/discord/0.0.102/modules/pending/discord_desktop_core-1.zip: 59%
7/17/2025, 10:30:25 AM GMT+2 [Modules] Streaming discord_desktop_core@1 to /home/nikzo/.config/discord/0.0.102/modules/pending/discord_desktop_core-1.zip: 62%
7/17/2025, 10:30:25 AM GMT+2 [Modules] Streaming discord_desktop_core@1 to /home/nikzo/.config/discord/0.0.102/modules/pending/discord_desktop_core-1.zip: 65%
7/17/2025, 10:30:25 AM GMT+2 [Modules] Streaming discord_desktop_core@1 to /home/nikzo/.config/discord/0.0.102/modules/pending/discord_desktop_core-1.zip: 68%
7/17/2025, 10:30:25 AM GMT+2 [Modules] Streaming discord_desktop_core@1 to /home/nikzo/.config/discord/0.0.102/modules/pending/discord_desktop_core-1.zip: 71%
7/17/2025, 10:30:25 AM GMT+2 [Modules] Streaming discord_desktop_core@1 to /home/nikzo/.config/discord/0.0.102/modules/pending/discord_desktop_core-1.zip: 72%
7/17/2025, 10:30:25 AM GMT+2 [Modules] Streaming discord_desktop_core@1 to /home/nikzo/.config/discord/0.0.102/modules/pending/discord_desktop_core-1.zip: 75%
7/17/2025, 10:30:25 AM GMT+2 [Modules] Streaming discord_desktop_core@1 to /home/nikzo/.config/discord/0.0.102/modules/pending/discord_desktop_core-1.zip: 78%
7/17/2025, 10:30:25 AM GMT+2 [Modules] Streaming discord_desktop_core@1 to /home/nikzo/.config/discord/0.0.102/modules/pending/discord_desktop_core-1.zip: 80%
7/17/2025, 10:30:25 AM GMT+2 [Modules] Streaming discord_desktop_core@1 to /home/nikzo/.config/discord/0.0.102/modules/pending/discord_desktop_core-1.zip: 81%
7/17/2025, 10:30:25 AM GMT+2 [Modules] Streaming discord_desktop_core@1 to /home/nikzo/.config/discord/0.0.102/modules/pending/discord_desktop_core-1.zip: 83%
7/17/2025, 10:30:25 AM GMT+2 [Modules] Streaming discord_desktop_core@1 to /home/nikzo/.config/discord/0.0.102/modules/pending/discord_desktop_core-1.zip: 86%
7/17/2025, 10:30:25 AM GMT+2 [Modules] Streaming discord_desktop_core@1 to /home/nikzo/.config/discord/0.0.102/modules/pending/discord_desktop_core-1.zip: 88%
7/17/2025, 10:30:25 AM GMT+2 [Modules] Streaming discord_desktop_core@1 to /home/nikzo/.config/discord/0.0.102/modules/pending/discord_desktop_core-1.zip: 89%
7/17/2025, 10:30:25 AM GMT+2 [Modules] Streaming discord_desktop_core@1 to /home/nikzo/.config/discord/0.0.102/modules/pending/discord_desktop_core-1.zip: 90%
7/17/2025, 10:30:25 AM GMT+2 [Modules] Streaming discord_desktop_core@1 to /home/nikzo/.config/discord/0.0.102/modules/pending/discord_desktop_core-1.zip: 95%
7/17/2025, 10:30:25 AM GMT+2 [Modules] Streaming discord_desktop_core@1 to /home/nikzo/.config/discord/0.0.102/modules/pending/discord_desktop_core-1.zip: 100%
7/17/2025, 10:30:25 AM GMT+2 [Modules] Fetching discord_erlpack@1 from https://discord.com/api/modules/stable/discord_erlpack/1
7/17/2025, 10:30:25 AM GMT+2 [Modules] Streaming discord_erlpack@1 to /home/nikzo/.config/discord/0.0.102/modules/pending/discord_erlpack-1.zip
7/17/2025, 10:30:25 AM GMT+2 [Modules] Streaming discord_erlpack@1 to /home/nikzo/.config/discord/0.0.102/modules/pending/discord_erlpack-1.zip: 1%
7/17/2025, 10:30:25 AM GMT+2 [Modules] Streaming discord_erlpack@1 to /home/nikzo/.config/discord/0.0.102/modules/pending/discord_erlpack-1.zip: 2%
7/17/2025, 10:30:25 AM GMT+2 [Modules] Streaming discord_erlpack@1 to /home/nikzo/.config/discord/0.0.102/modules/pending/discord_erlpack-1.zip: 5%
7/17/2025, 10:30:25 AM GMT+2 [Modules] Streaming discord_erlpack@1 to /home/nikzo/.config/discord/0.0.102/modules/pending/discord_erlpack-1.zip: 8%
7/17/2025, 10:30:25 AM GMT+2 [Modules] Streaming discord_erlpack@1 to /home/nikzo/.config/discord/0.0.102/modules/pending/discord_erlpack-1.zip: 14%
7/17/2025, 10:30:25 AM GMT+2 [Modules] Streaming discord_erlpack@1 to /home/nikzo/.config/discord/0.0.102/modules/pending/discord_erlpack-1.zip: 21%
7/17/2025, 10:30:25 AM GMT+2 [Modules] Streaming discord_erlpack@1 to /home/nikzo/.config/discord/0.0.102/modules/pending/discord_erlpack-1.zip: 22%
7/17/2025, 10:30:25 AM GMT+2 [Modules] Streaming discord_erlpack@1 to /home/nikzo/.config/discord/0.0.102/modules/pending/discord_erlpack-1.zip: 26%
7/17/2025, 10:30:25 AM GMT+2 [Modules] Streaming discord_erlpack@1 to /home/nikzo/.config/discord/0.0.102/modules/pending/discord_erlpack-1.zip: 30%
7/17/2025, 10:30:25 AM GMT+2 [Modules] Streaming discord_erlpack@1 to /home/nikzo/.config/discord/0.0.102/modules/pending/discord_erlpack-1.zip: 32%
7/17/2025, 10:30:25 AM GMT+2 [Modules] Streaming discord_erlpack@1 to /home/nikzo/.config/discord/0.0.102/modules/pending/discord_erlpack-1.zip: 38%
7/17/2025, 10:30:25 AM GMT+2 [Modules] Streaming discord_erlpack@1 to /home/nikzo/.config/discord/0.0.102/modules/pending/discord_erlpack-1.zip: 39%
7/17/2025, 10:30:25 AM GMT+2 [Modules] Streaming discord_erlpack@1 to /home/nikzo/.config/discord/0.0.102/modules/pending/discord_erlpack-1.zip: 43%
7/17/2025, 10:30:25 AM GMT+2 [Modules] Streaming discord_erlpack@1 to /home/nikzo/.config/discord/0.0.102/modules/pending/discord_erlpack-1.zip: 44%
7/17/2025, 10:30:25 AM GMT+2 [Modules] Streaming discord_erlpack@1 to /home/nikzo/.config/discord/0.0.102/modules/pending/discord_erlpack-1.zip: 51%
7/17/2025, 10:30:25 AM GMT+2 [Modules] Streaming discord_erlpack@1 to /home/nikzo/.config/discord/0.0.102/modules/pending/discord_erlpack-1.zip: 54%
7/17/2025, 10:30:25 AM GMT+2 [Modules] Streaming discord_erlpack@1 to /home/nikzo/.config/discord/0.0.102/modules/pending/discord_erlpack-1.zip: 56%
7/17/2025, 10:30:25 AM GMT+2 [Modules] Streaming discord_erlpack@1 to /home/nikzo/.config/discord/0.0.102/modules/pending/discord_erlpack-1.zip: 59%
7/17/2025, 10:30:25 AM GMT+2 [Modules] Streaming discord_erlpack@1 to /home/nikzo/.config/discord/0.0.102/modules/pending/discord_erlpack-1.zip: 61%
7/17/2025, 10:30:25 AM GMT+2 [Modules] Streaming discord_erlpack@1 to /home/nikzo/.config/discord/0.0.102/modules/pending/discord_erlpack-1.zip: 67%
7/17/2025, 10:30:25 AM GMT+2 [Modules] Streaming discord_erlpack@1 to /home/nikzo/.config/discord/0.0.102/modules/pending/discord_erlpack-1.zip: 73%
7/17/2025, 10:30:25 AM GMT+2 [Modules] Streaming discord_erlpack@1 to /home/nikzo/.config/discord/0.0.102/modules/pending/discord_erlpack-1.zip: 74%
7/17/2025, 10:30:25 AM GMT+2 [Modules] Streaming discord_erlpack@1 to /home/nikzo/.config/discord/0.0.102/modules/pending/discord_erlpack-1.zip: 79%
7/17/2025, 10:30:25 AM GMT+2 [Modules] Streaming discord_erlpack@1 to /home/nikzo/.config/discord/0.0.102/modules/pending/discord_erlpack-1.zip: 80%
7/17/2025, 10:30:25 AM GMT+2 [Modules] Streaming discord_erlpack@1 to /home/nikzo/.config/discord/0.0.102/modules/pending/discord_erlpack-1.zip: 83%
7/17/2025, 10:30:25 AM GMT+2 [Modules] Streaming discord_erlpack@1 to /home/nikzo/.config/discord/0.0.102/modules/pending/discord_erlpack-1.zip: 86%
7/17/2025, 10:30:25 AM GMT+2 [Modules] Streaming discord_erlpack@1 to /home/nikzo/.config/discord/0.0.102/modules/pending/discord_erlpack-1.zip: 89%
7/17/2025, 10:30:25 AM GMT+2 [Modules] Streaming discord_erlpack@1 to /home/nikzo/.config/discord/0.0.102/modules/pending/discord_erlpack-1.zip: 93%
7/17/2025, 10:30:25 AM GMT+2 [Modules] Streaming discord_erlpack@1 to /home/nikzo/.config/discord/0.0.102/modules/pending/discord_erlpack-1.zip: 99%
7/17/2025, 10:30:25 AM GMT+2 [Modules] Streaming discord_erlpack@1 to /home/nikzo/.config/discord/0.0.102/modules/pending/discord_erlpack-1.zip: 100%
7/17/2025, 10:30:25 AM GMT+2 [Modules] Fetching discord_spellcheck@1 from https://discord.com/api/modules/stable/discord_spellcheck/1
7/17/2025, 10:30:25 AM GMT+2 [Modules] Streaming discord_spellcheck@1 to /home/nikzo/.config/discord/0.0.102/modules/pending/discord_spellcheck-1.zip
7/17/2025, 10:30:26 AM GMT+2 [Modules] Streaming discord_spellcheck@1 to /home/nikzo/.config/discord/0.0.102/modules/pending/discord_spellcheck-1.zip: 1%
7/17/2025, 10:30:26 AM GMT+2 [Modules] Streaming discord_spellcheck@1 to /home/nikzo/.config/discord/0.0.102/modules/pending/discord_spellcheck-1.zip: 2%
7/17/2025, 10:30:26 AM GMT+2 [Modules] Streaming discord_spellcheck@1 to /home/nikzo/.config/discord/0.0.102/modules/pending/discord_spellcheck-1.zip: 3%
7/17/2025, 10:30:26 AM GMT+2 [Modules] Streaming discord_spellcheck@1 to /home/nikzo/.config/discord/0.0.102/modules/pending/discord_spellcheck-1.zip: 4%
7/17/2025, 10:30:26 AM GMT+2 [Modules] Streaming discord_spellcheck@1 to /home/nikzo/.config/discord/0.0.102/modules/pending/discord_spellcheck-1.zip: 5%
7/17/2025, 10:30:26 AM GMT+2 [Modules] Streaming discord_spellcheck@1 to /home/nikzo/.config/discord/0.0.102/modules/pending/discord_spellcheck-1.zip: 6%
7/17/2025, 10:30:26 AM GMT+2 [Modules] Streaming discord_spellcheck@1 to /home/nikzo/.config/discord/0.0.102/modules/pending/discord_spellcheck-1.zip: 7%
7/17/2025, 10:30:26 AM GMT+2 [Modules] Streaming discord_spellcheck@1 to /home/nikzo/.config/discord/0.0.102/modules/pending/discord_spellcheck-1.zip: 8%
7/17/2025, 10:30:26 AM GMT+2 [Modules] Streaming discord_spellcheck@1 to /home/nikzo/.config/discord/0.0.102/modules/pending/discord_spellcheck-1.zip: 9%
7/17/2025, 10:30:26 AM GMT+2 [Modules] Streaming discord_spellcheck@1 to /home/nikzo/.config/discord/0.0.102/modules/pending/discord_spellcheck-1.zip: 10%
7/17/2025, 10:30:26 AM GMT+2 [Modules] Streaming discord_spellcheck@1 to /home/nikzo/.config/discord/0.0.102/modules/pending/discord_spellcheck-1.zip: 11%
7/17/2025, 10:30:26 AM GMT+2 [Modules] Streaming discord_spellcheck@1 to /home/nikzo/.config/discord/0.0.102/modules/pending/discord_spellcheck-1.zip: 12%
7/17/2025, 10:30:26 AM GMT+2 [Modules] Streaming discord_spellcheck@1 to /home/nikzo/.config/discord/0.0.102/modules/pending/discord_spellcheck-1.zip: 13%
7/17/2025, 10:30:26 AM GMT+2 [Modules] Streaming discord_spellcheck@1 to /home/nikzo/.config/discord/0.0.102/modules/pending/discord_spellcheck-1.zip: 14%
7/17/2025, 10:30:26 AM GMT+2 [Modules] Streaming discord_spellcheck@1 to /home/nikzo/.config/discord/0.0.102/modules/pending/discord_spellcheck-1.zip: 15%
7/17/2025, 10:30:26 AM GMT+2 [Modules] Streaming discord_spellcheck@1 to /home/nikzo/.config/discord/0.0.102/modules/pending/discord_spellcheck-1.zip: 16%
7/17/2025, 10:30:26 AM GMT+2 [Modules] Streaming discord_spellcheck@1 to /home/nikzo/.config/discord/0.0.102/modules/pending/discord_spellcheck-1.zip: 17%
7/17/2025, 10:30:26 AM GMT+2 [Modules] Streaming discord_spellcheck@1 to /home/nikzo/.config/discord/0.0.102/modules/pending/discord_spellcheck-1.zip: 18%
7/17/2025, 10:30:26 AM GMT+2 [Modules] Streaming discord_spellcheck@1 to /home/nikzo/.config/discord/0.0.102/modules/pending/discord_spellcheck-1.zip: 19%
7/17/2025, 10:30:26 AM GMT+2 [Modules] Streaming discord_spellcheck@1 to /home/nikzo/.config/discord/0.0.102/modules/pending/discord_spellcheck-1.zip: 20%
7/17/2025, 10:30:26 AM GMT+2 [Modules] Streaming discord_spellcheck@1 to /home/nikzo/.config/discord/0.0.102/modules/pending/discord_spellcheck-1.zip: 21%
7/17/2025, 10:30:26 AM GMT+2 [Modules] Streaming discord_spellcheck@1 to /home/nikzo/.config/discord/0.0.102/modules/pending/discord_spellcheck-1.zip: 22%
7/17/2025, 10:30:26 AM GMT+2 [Modules] Streaming discord_spellcheck@1 to /home/nikzo/.config/discord/0.0.102/modules/pending/discord_spellcheck-1.zip: 23%
7/17/2025, 10:30:26 AM GMT+2 [Modules] Streaming discord_spellcheck@1 to /home/nikzo/.config/discord/0.0.102/modules/pending/discord_spellcheck-1.zip: 24%
7/17/2025, 10:30:26 AM GMT+2 [Modules] Streaming discord_spellcheck@1 to /home/nikzo/.config/discord/0.0.102/modules/pending/discord_spellcheck-1.zip: 26%
7/17/2025, 10:30:26 AM GMT+2 [Modules] Streaming discord_spellcheck@1 to /home/nikzo/.config/discord/0.0.102/modules/pending/discord_spellcheck-1.zip: 27%
7/17/2025, 10:30:26 AM GMT+2 [Modules] Streaming discord_spellcheck@1 to /home/nikzo/.config/discord/0.0.102/modules/pending/discord_spellcheck-1.zip: 28%
7/17/2025, 10:30:26 AM GMT+2 [Modules] Streaming discord_spellcheck@1 to /home/nikzo/.config/discord/0.0.102/modules/pending/discord_spellcheck-1.zip: 29%
7/17/2025, 10:30:26 AM GMT+2 [Modules] Streaming discord_spellcheck@1 to /home/nikzo/.config/discord/0.0.102/modules/pending/discord_spellcheck-1.zip: 30%
7/17/2025, 10:30:26 AM GMT+2 [Modules] Streaming discord_spellcheck@1 to /home/nikzo/.config/discord/0.0.102/modules/pending/discord_spellcheck-1.zip: 32%
7/17/2025, 10:30:26 AM GMT+2 [Modules] Streaming discord_spellcheck@1 to /home/nikzo/.config/discord/0.0.102/modules/pending/discord_spellcheck-1.zip: 33%
7/17/2025, 10:30:26 AM GMT+2 [Modules] Streaming discord_spellcheck@1 to /home/nikzo/.config/discord/0.0.102/modules/pending/discord_spellcheck-1.zip: 34%
7/17/2025, 10:30:26 AM GMT+2 [Modules] Streaming discord_spellcheck@1 to /home/nikzo/.config/discord/0.0.102/modules/pending/discord_spellcheck-1.zip: 35%
7/17/2025, 10:30:26 AM GMT+2 [Modules] Streaming discord_spellcheck@1 to /home/nikzo/.config/discord/0.0.102/modules/pending/discord_spellcheck-1.zip: 36%
7/17/2025, 10:30:26 AM GMT+2 [Modules] Streaming discord_spellcheck@1 to /home/nikzo/.config/discord/0.0.102/modules/pending/discord_spellcheck-1.zip: 37%
7/17/2025, 10:30:26 AM GMT+2 [Modules] Streaming discord_spellcheck@1 to /home/nikzo/.config/discord/0.0.102/modules/pending/discord_spellcheck-1.zip: 38%
7/17/2025, 10:30:26 AM GMT+2 [Modules] Streaming discord_spellcheck@1 to /home/nikzo/.config/discord/0.0.102/modules/pending/discord_spellcheck-1.zip: 39%
7/17/2025, 10:30:26 AM GMT+2 [Modules] Streaming discord_spellcheck@1 to /home/nikzo/.config/discord/0.0.102/modules/pending/discord_spellcheck-1.zip: 40%
7/17/2025, 10:30:26 AM GMT+2 [Modules] Streaming discord_spellcheck@1 to /home/nikzo/.config/discord/0.0.102/modules/pending/discord_spellcheck-1.zip: 41%
7/17/2025, 10:30:26 AM GMT+2 [Modules] Streaming discord_spellcheck@1 to /home/nikzo/.config/discord/0.0.102/modules/pending/discord_spellcheck-1.zip: 42%
7/17/2025, 10:30:26 AM GMT+2 [Modules] Streaming discord_spellcheck@1 to /home/nikzo/.config/discord/0.0.102/modules/pending/discord_spellcheck-1.zip: 43%
7/17/2025, 10:30:26 AM GMT+2 [Modules] Streaming discord_spellcheck@1 to /home/nikzo/.config/discord/0.0.102/modules/pending/discord_spellcheck-1.zip: 44%
7/17/2025, 10:30:26 AM GMT+2 [Modules] Streaming discord_spellcheck@1 to /home/nikzo/.config/discord/0.0.102/modules/pending/discord_spellcheck-1.zip: 45%
7/17/2025, 10:30:26 AM GMT+2 [Modules] Streaming discord_spellcheck@1 to /home/nikzo/.config/discord/0.0.102/modules/pending/discord_spellcheck-1.zip: 46%
7/17/2025, 10:30:26 AM GMT+2 [Modules] Streaming discord_spellcheck@1 to /home/nikzo/.config/discord/0.0.102/modules/pending/discord_spellcheck-1.zip: 48%
7/17/2025, 10:30:26 AM GMT+2 [Modules] Streaming discord_spellcheck@1 to /home/nikzo/.config/discord/0.0.102/modules/pending/discord_spellcheck-1.zip: 51%
7/17/2025, 10:30:26 AM GMT+2 [Modules] Streaming discord_spellcheck@1 to /home/nikzo/.config/discord/0.0.102/modules/pending/discord_spellcheck-1.zip: 53%
7/17/2025, 10:30:26 AM GMT+2 [Modules] Streaming discord_spellcheck@1 to /home/nikzo/.config/discord/0.0.102/modules/pending/discord_spellcheck-1.zip: 55%
7/17/2025, 10:30:26 AM GMT+2 [Modules] Streaming discord_spellcheck@1 to /home/nikzo/.config/discord/0.0.102/modules/pending/discord_spellcheck-1.zip: 56%
7/17/2025, 10:30:26 AM GMT+2 [Modules] Streaming discord_spellcheck@1 to /home/nikzo/.config/discord/0.0.102/modules/pending/discord_spellcheck-1.zip: 57%
7/17/2025, 10:30:26 AM GMT+2 [Modules] Streaming discord_spellcheck@1 to /home/nikzo/.config/discord/0.0.102/modules/pending/discord_spellcheck-1.zip: 58%
7/17/2025, 10:30:26 AM GMT+2 [Modules] Streaming discord_spellcheck@1 to /home/nikzo/.config/discord/0.0.102/modules/pending/discord_spellcheck-1.zip: 60%
7/17/2025, 10:30:26 AM GMT+2 [Modules] Streaming discord_spellcheck@1 to /home/nikzo/.config/discord/0.0.102/modules/pending/discord_spellcheck-1.zip: 61%
7/17/2025, 10:30:26 AM GMT+2 [Modules] Streaming discord_spellcheck@1 to /home/nikzo/.config/discord/0.0.102/modules/pending/discord_spellcheck-1.zip: 62%
7/17/2025, 10:30:26 AM GMT+2 [Modules] Streaming discord_spellcheck@1 to /home/nikzo/.config/discord/0.0.102/modules/pending/discord_spellcheck-1.zip: 63%
7/17/2025, 10:30:26 AM GMT+2 [Modules] Streaming discord_spellcheck@1 to /home/nikzo/.config/discord/0.0.102/modules/pending/discord_spellcheck-1.zip: 64%
7/17/2025, 10:30:26 AM GMT+2 [Modules] Streaming discord_spellcheck@1 to /home/nikzo/.config/discord/0.0.102/modules/pending/discord_spellcheck-1.zip: 65%
7/17/2025, 10:30:26 AM GMT+2 [Modules] Streaming discord_spellcheck@1 to /home/nikzo/.config/discord/0.0.102/modules/pending/discord_spellcheck-1.zip: 66%
7/17/2025, 10:30:26 AM GMT+2 [Modules] Streaming discord_spellcheck@1 to /home/nikzo/.config/discord/0.0.102/modules/pending/discord_spellcheck-1.zip: 67%
7/17/2025, 10:30:26 AM GMT+2 [Modules] Streaming discord_spellcheck@1 to /home/nikzo/.config/discord/0.0.102/modules/pending/discord_spellcheck-1.zip: 68%
7/17/2025, 10:30:26 AM GMT+2 [Modules] Streaming discord_spellcheck@1 to /home/nikzo/.config/discord/0.0.102/modules/pending/discord_spellcheck-1.zip: 69%
7/17/2025, 10:30:26 AM GMT+2 [Modules] Streaming discord_spellcheck@1 to /home/nikzo/.config/discord/0.0.102/modules/pending/discord_spellcheck-1.zip: 70%
7/17/2025, 10:30:26 AM GMT+2 [Modules] Streaming discord_spellcheck@1 to /home/nikzo/.config/discord/0.0.102/modules/pending/discord_spellcheck-1.zip: 71%
7/17/2025, 10:30:26 AM GMT+2 [Modules] Streaming discord_spellcheck@1 to /home/nikzo/.config/discord/0.0.102/modules/pending/discord_spellcheck-1.zip: 72%
7/17/2025, 10:30:27 AM GMT+2 [Modules] Streaming discord_spellcheck@1 to /home/nikzo/.config/discord/0.0.102/modules/pending/discord_spellcheck-1.zip: 73%
7/17/2025, 10:30:27 AM GMT+2 [Modules] Streaming discord_spellcheck@1 to /home/nikzo/.config/discord/0.0.102/modules/pending/discord_spellcheck-1.zip: 76%
7/17/2025, 10:30:27 AM GMT+2 [Modules] Streaming discord_spellcheck@1 to /home/nikzo/.config/discord/0.0.102/modules/pending/discord_spellcheck-1.zip: 77%
7/17/2025, 10:30:27 AM GMT+2 [Modules] Streaming discord_spellcheck@1 to /home/nikzo/.config/discord/0.0.102/modules/pending/discord_spellcheck-1.zip: 78%
7/17/2025, 10:30:27 AM GMT+2 [Modules] Streaming discord_spellcheck@1 to /home/nikzo/.config/discord/0.0.102/modules/pending/discord_spellcheck-1.zip: 79%
7/17/2025, 10:30:27 AM GMT+2 [Modules] Streaming discord_spellcheck@1 to /home/nikzo/.config/discord/0.0.102/modules/pending/discord_spellcheck-1.zip: 82%
7/17/2025, 10:30:27 AM GMT+2 [Modules] Streaming discord_spellcheck@1 to /home/nikzo/.config/discord/0.0.102/modules/pending/discord_spellcheck-1.zip: 84%
7/17/2025, 10:30:27 AM GMT+2 [Modules] Streaming discord_spellcheck@1 to /home/nikzo/.config/discord/0.0.102/modules/pending/discord_spellcheck-1.zip: 85%
7/17/2025, 10:30:27 AM GMT+2 [Modules] Streaming discord_spellcheck@1 to /home/nikzo/.config/discord/0.0.102/modules/pending/discord_spellcheck-1.zip: 86%
7/17/2025, 10:30:27 AM GMT+2 [Modules] Streaming discord_spellcheck@1 to /home/nikzo/.config/discord/0.0.102/modules/pending/discord_spellcheck-1.zip: 87%
7/17/2025, 10:30:27 AM GMT+2 [Modules] Streaming discord_spellcheck@1 to /home/nikzo/.config/discord/0.0.102/modules/pending/discord_spellcheck-1.zip: 88%
7/17/2025, 10:30:27 AM GMT+2 [Modules] Streaming discord_spellcheck@1 to /home/nikzo/.config/discord/0.0.102/modules/pending/discord_spellcheck-1.zip: 91%
7/17/2025, 10:30:27 AM GMT+2 [Modules] Streaming discord_spellcheck@1 to /home/nikzo/.config/discord/0.0.102/modules/pending/discord_spellcheck-1.zip: 93%
7/17/2025, 10:30:27 AM GMT+2 [Modules] Streaming discord_spellcheck@1 to /home/nikzo/.config/discord/0.0.102/modules/pending/discord_spellcheck-1.zip: 94%
7/17/2025, 10:30:27 AM GMT+2 [Modules] Streaming discord_spellcheck@1 to /home/nikzo/.config/discord/0.0.102/modules/pending/discord_spellcheck-1.zip: 96%
7/17/2025, 10:30:27 AM GMT+2 [Modules] Streaming discord_spellcheck@1 to /home/nikzo/.config/discord/0.0.102/modules/pending/discord_spellcheck-1.zip: 97%
7/17/2025, 10:30:27 AM GMT+2 [Modules] Streaming discord_spellcheck@1 to /home/nikzo/.config/discord/0.0.102/modules/pending/discord_spellcheck-1.zip: 98%
7/17/2025, 10:30:27 AM GMT+2 [Modules] Streaming discord_spellcheck@1 to /home/nikzo/.config/discord/0.0.102/modules/pending/discord_spellcheck-1.zip: 99%
7/17/2025, 10:30:27 AM GMT+2 [Modules] Streaming discord_spellcheck@1 to /home/nikzo/.config/discord/0.0.102/modules/pending/discord_spellcheck-1.zip: 100%
7/17/2025, 10:30:27 AM GMT+2 [Modules] Fetching discord_utils@1 from https://discord.com/api/modules/stable/discord_utils/1
7/17/2025, 10:30:27 AM GMT+2 [Modules] Streaming discord_utils@1 to /home/nikzo/.config/discord/0.0.102/modules/pending/discord_utils-1.zip
7/17/2025, 10:30:27 AM GMT+2 [Modules] Streaming discord_utils@1 to /home/nikzo/.config/discord/0.0.102/modules/pending/discord_utils-1.zip: 1%
7/17/2025, 10:30:27 AM GMT+2 [Modules] Streaming discord_utils@1 to /home/nikzo/.config/discord/0.0.102/modules/pending/discord_utils-1.zip: 2%
7/17/2025, 10:30:27 AM GMT+2 [Modules] Streaming discord_utils@1 to /home/nikzo/.config/discord/0.0.102/modules/pending/discord_utils-1.zip: 4%
7/17/2025, 10:30:27 AM GMT+2 [Modules] Streaming discord_utils@1 to /home/nikzo/.config/discord/0.0.102/modules/pending/discord_utils-1.zip: 5%
7/17/2025, 10:30:27 AM GMT+2 [Modules] Streaming discord_utils@1 to /home/nikzo/.config/discord/0.0.102/modules/pending/discord_utils-1.zip: 6%
7/17/2025, 10:30:27 AM GMT+2 [Modules] Streaming discord_utils@1 to /home/nikzo/.config/discord/0.0.102/modules/pending/discord_utils-1.zip: 7%
7/17/2025, 10:30:27 AM GMT+2 [Modules] Streaming discord_utils@1 to /home/nikzo/.config/discord/0.0.102/modules/pending/discord_utils-1.zip: 9%
7/17/2025, 10:30:27 AM GMT+2 [Modules] Streaming discord_utils@1 to /home/nikzo/.config/discord/0.0.102/modules/pending/discord_utils-1.zip: 10%
7/17/2025, 10:30:27 AM GMT+2 [Modules] Streaming discord_utils@1 to /home/nikzo/.config/discord/0.0.102/modules/pending/discord_utils-1.zip: 11%
7/17/2025, 10:30:27 AM GMT+2 [Modules] Streaming discord_utils@1 to /home/nikzo/.config/discord/0.0.102/modules/pending/discord_utils-1.zip: 12%
7/17/2025, 10:30:27 AM GMT+2 [Modules] Streaming discord_utils@1 to /home/nikzo/.config/discord/0.0.102/modules/pending/discord_utils-1.zip: 13%
7/17/2025, 10:30:27 AM GMT+2 [Modules] Streaming discord_utils@1 to /home/nikzo/.config/discord/0.0.102/modules/pending/discord_utils-1.zip: 15%
7/17/2025, 10:30:27 AM GMT+2 [Modules] Streaming discord_utils@1 to /home/nikzo/.config/discord/0.0.102/modules/pending/discord_utils-1.zip: 19%
7/17/2025, 10:30:27 AM GMT+2 [Modules] Streaming discord_utils@1 to /home/nikzo/.config/discord/0.0.102/modules/pending/discord_utils-1.zip: 23%
7/17/2025, 10:30:27 AM GMT+2 [Modules] Streaming discord_utils@1 to /home/nikzo/.config/discord/0.0.102/modules/pending/discord_utils-1.zip: 24%
7/17/2025, 10:30:27 AM GMT+2 [Modules] Streaming discord_utils@1 to /home/nikzo/.config/discord/0.0.102/modules/pending/discord_utils-1.zip: 25%
7/17/2025, 10:30:27 AM GMT+2 [Modules] Streaming discord_utils@1 to /home/nikzo/.config/discord/0.0.102/modules/pending/discord_utils-1.zip: 26%
7/17/2025, 10:30:27 AM GMT+2 [Modules] Streaming discord_utils@1 to /home/nikzo/.config/discord/0.0.102/modules/pending/discord_utils-1.zip: 27%
7/17/2025, 10:30:27 AM GMT+2 [Modules] Streaming discord_utils@1 to /home/nikzo/.config/discord/0.0.102/modules/pending/discord_utils-1.zip: 28%
7/17/2025, 10:30:27 AM GMT+2 [Modules] Streaming discord_utils@1 to /home/nikzo/.config/discord/0.0.102/modules/pending/discord_utils-1.zip: 29%
7/17/2025, 10:30:27 AM GMT+2 [Modules] Streaming discord_utils@1 to /home/nikzo/.config/discord/0.0.102/modules/pending/discord_utils-1.zip: 30%
7/17/2025, 10:30:27 AM GMT+2 [Modules] Streaming discord_utils@1 to /home/nikzo/.config/discord/0.0.102/modules/pending/discord_utils-1.zip: 31%
7/17/2025, 10:30:27 AM GMT+2 [Modules] Streaming discord_utils@1 to /home/nikzo/.config/discord/0.0.102/modules/pending/discord_utils-1.zip: 32%
7/17/2025, 10:30:27 AM GMT+2 [Modules] Streaming discord_utils@1 to /home/nikzo/.config/discord/0.0.102/modules/pending/discord_utils-1.zip: 33%
7/17/2025, 10:30:27 AM GMT+2 [Modules] Streaming discord_utils@1 to /home/nikzo/.config/discord/0.0.102/modules/pending/discord_utils-1.zip: 35%
7/17/2025, 10:30:27 AM GMT+2 [Modules] Streaming discord_utils@1 to /home/nikzo/.config/discord/0.0.102/modules/pending/discord_utils-1.zip: 38%
7/17/2025, 10:30:27 AM GMT+2 [Modules] Streaming discord_utils@1 to /home/nikzo/.config/discord/0.0.102/modules/pending/discord_utils-1.zip: 39%
7/17/2025, 10:30:27 AM GMT+2 [Modules] Streaming discord_utils@1 to /home/nikzo/.config/discord/0.0.102/modules/pending/discord_utils-1.zip: 44%
7/17/2025, 10:30:27 AM GMT+2 [Modules] Streaming discord_utils@1 to /home/nikzo/.config/discord/0.0.102/modules/pending/discord_utils-1.zip: 51%
7/17/2025, 10:30:27 AM GMT+2 [Modules] Streaming discord_utils@1 to /home/nikzo/.config/discord/0.0.102/modules/pending/discord_utils-1.zip: 52%
7/17/2025, 10:30:27 AM GMT+2 [Modules] Streaming discord_utils@1 to /home/nikzo/.config/discord/0.0.102/modules/pending/discord_utils-1.zip: 53%
7/17/2025, 10:30:27 AM GMT+2 [Modules] Streaming discord_utils@1 to /home/nikzo/.config/discord/0.0.102/modules/pending/discord_utils-1.zip: 55%
7/17/2025, 10:30:27 AM GMT+2 [Modules] Streaming discord_utils@1 to /home/nikzo/.config/discord/0.0.102/modules/pending/discord_utils-1.zip: 57%
7/17/2025, 10:30:27 AM GMT+2 [Modules] Streaming discord_utils@1 to /home/nikzo/.config/discord/0.0.102/modules/pending/discord_utils-1.zip: 60%
7/17/2025, 10:30:27 AM GMT+2 [Modules] Streaming discord_utils@1 to /home/nikzo/.config/discord/0.0.102/modules/pending/discord_utils-1.zip: 62%
7/17/2025, 10:30:27 AM GMT+2 [Modules] Streaming discord_utils@1 to /home/nikzo/.config/discord/0.0.102/modules/pending/discord_utils-1.zip: 64%
7/17/2025, 10:30:27 AM GMT+2 [Modules] Streaming discord_utils@1 to /home/nikzo/.config/discord/0.0.102/modules/pending/discord_utils-1.zip: 66%
7/17/2025, 10:30:27 AM GMT+2 [Modules] Streaming discord_utils@1 to /home/nikzo/.config/discord/0.0.102/modules/pending/discord_utils-1.zip: 67%
7/17/2025, 10:30:27 AM GMT+2 [Modules] Streaming discord_utils@1 to /home/nikzo/.config/discord/0.0.102/modules/pending/discord_utils-1.zip: 71%
7/17/2025, 10:30:27 AM GMT+2 [Modules] Streaming discord_utils@1 to /home/nikzo/.config/discord/0.0.102/modules/pending/discord_utils-1.zip: 72%
7/17/2025, 10:30:27 AM GMT+2 [Modules] Streaming discord_utils@1 to /home/nikzo/.config/discord/0.0.102/modules/pending/discord_utils-1.zip: 73%
7/17/2025, 10:30:27 AM GMT+2 [Modules] Streaming discord_utils@1 to /home/nikzo/.config/discord/0.0.102/modules/pending/discord_utils-1.zip: 74%
7/17/2025, 10:30:27 AM GMT+2 [Modules] Streaming discord_utils@1 to /home/nikzo/.config/discord/0.0.102/modules/pending/discord_utils-1.zip: 77%
7/17/2025, 10:30:27 AM GMT+2 [Modules] Streaming discord_utils@1 to /home/nikzo/.config/discord/0.0.102/modules/pending/discord_utils-1.zip: 78%
7/17/2025, 10:30:27 AM GMT+2 [Modules] Streaming discord_utils@1 to /home/nikzo/.config/discord/0.0.102/modules/pending/discord_utils-1.zip: 79%
7/17/2025, 10:30:27 AM GMT+2 [Modules] Streaming discord_utils@1 to /home/nikzo/.config/discord/0.0.102/modules/pending/discord_utils-1.zip: 86%
7/17/2025, 10:30:27 AM GMT+2 [Modules] Streaming discord_utils@1 to /home/nikzo/.config/discord/0.0.102/modules/pending/discord_utils-1.zip: 87%
7/17/2025, 10:30:27 AM GMT+2 [Modules] Streaming discord_utils@1 to /home/nikzo/.config/discord/0.0.102/modules/pending/discord_utils-1.zip: 90%
7/17/2025, 10:30:27 AM GMT+2 [Modules] Streaming discord_utils@1 to /home/nikzo/.config/discord/0.0.102/modules/pending/discord_utils-1.zip: 91%
7/17/2025, 10:30:27 AM GMT+2 [Modules] Streaming discord_utils@1 to /home/nikzo/.config/discord/0.0.102/modules/pending/discord_utils-1.zip: 97%
7/17/2025, 10:30:27 AM GMT+2 [Modules] Streaming discord_utils@1 to /home/nikzo/.config/discord/0.0.102/modules/pending/discord_utils-1.zip: 98%
7/17/2025, 10:30:27 AM GMT+2 [Modules] Streaming discord_utils@1 to /home/nikzo/.config/discord/0.0.102/modules/pending/discord_utils-1.zip: 100%
7/17/2025, 10:30:27 AM GMT+2 [Modules] Fetching discord_voice@1 from https://discord.com/api/modules/stable/discord_voice/1
7/17/2025, 10:30:27 AM GMT+2 [Modules] Streaming discord_voice@1 to /home/nikzo/.config/discord/0.0.102/modules/pending/discord_voice-1.zip
7/17/2025, 10:30:28 AM GMT+2 [Modules] Streaming discord_voice@1 to /home/nikzo/.config/discord/0.0.102/modules/pending/discord_voice-1.zip: 1%
7/17/2025, 10:30:28 AM GMT+2 [Modules] Streaming discord_voice@1 to /home/nikzo/.config/discord/0.0.102/modules/pending/discord_voice-1.zip: 2%
7/17/2025, 10:30:28 AM GMT+2 [Modules] Streaming discord_voice@1 to /home/nikzo/.config/discord/0.0.102/modules/pending/discord_voice-1.zip: 3%
7/17/2025, 10:30:28 AM GMT+2 [Modules] Streaming discord_voice@1 to /home/nikzo/.config/discord/0.0.102/modules/pending/discord_voice-1.zip: 4%
7/17/2025, 10:30:28 AM GMT+2 [Modules] Streaming discord_voice@1 to /home/nikzo/.config/discord/0.0.102/modules/pending/discord_voice-1.zip: 5%
7/17/2025, 10:30:28 AM GMT+2 [Modules] Streaming discord_voice@1 to /home/nikzo/.config/discord/0.0.102/modules/pending/discord_voice-1.zip: 6%
7/17/2025, 10:30:28 AM GMT+2 [Modules] Streaming discord_voice@1 to /home/nikzo/.config/discord/0.0.102/modules/pending/discord_voice-1.zip: 7%
7/17/2025, 10:30:28 AM GMT+2 [Modules] Streaming discord_voice@1 to /home/nikzo/.config/discord/0.0.102/modules/pending/discord_voice-1.zip: 8%
7/17/2025, 10:30:28 AM GMT+2 [Modules] Streaming discord_voice@1 to /home/nikzo/.config/discord/0.0.102/modules/pending/discord_voice-1.zip: 9%
7/17/2025, 10:30:28 AM GMT+2 [Modules] Streaming discord_voice@1 to /home/nikzo/.config/discord/0.0.102/modules/pending/discord_voice-1.zip: 10%
7/17/2025, 10:30:28 AM GMT+2 [Modules] Streaming discord_voice@1 to /home/nikzo/.config/discord/0.0.102/modules/pending/discord_voice-1.zip: 11%
7/17/2025, 10:30:28 AM GMT+2 [Modules] Streaming discord_voice@1 to /home/nikzo/.config/discord/0.0.102/modules/pending/discord_voice-1.zip: 12%
7/17/2025, 10:30:28 AM GMT+2 [Modules] Streaming discord_voice@1 to /home/nikzo/.config/discord/0.0.102/modules/pending/discord_voice-1.zip: 13%
7/17/2025, 10:30:28 AM GMT+2 [Modules] Streaming discord_voice@1 to /home/nikzo/.config/discord/0.0.102/modules/pending/discord_voice-1.zip: 14%
7/17/2025, 10:30:28 AM GMT+2 [Modules] Streaming discord_voice@1 to /home/nikzo/.config/discord/0.0.102/modules/pending/discord_voice-1.zip: 15%
7/17/2025, 10:30:28 AM GMT+2 [Modules] Streaming discord_voice@1 to /home/nikzo/.config/discord/0.0.102/modules/pending/discord_voice-1.zip: 16%
7/17/2025, 10:30:28 AM GMT+2 [Modules] Streaming discord_voice@1 to /home/nikzo/.config/discord/0.0.102/modules/pending/discord_voice-1.zip: 17%
7/17/2025, 10:30:28 AM GMT+2 [Modules] Streaming discord_voice@1 to /home/nikzo/.config/discord/0.0.102/modules/pending/discord_voice-1.zip: 18%
7/17/2025, 10:30:28 AM GMT+2 [Modules] Streaming discord_voice@1 to /home/nikzo/.config/discord/0.0.102/modules/pending/discord_voice-1.zip: 19%
7/17/2025, 10:30:28 AM GMT+2 [Modules] Streaming discord_voice@1 to /home/nikzo/.config/discord/0.0.102/modules/pending/discord_voice-1.zip: 20%
7/17/2025, 10:30:28 AM GMT+2 [Modules] Streaming discord_voice@1 to /home/nikzo/.config/discord/0.0.102/modules/pending/discord_voice-1.zip: 21%
7/17/2025, 10:30:28 AM GMT+2 [Modules] Streaming discord_voice@1 to /home/nikzo/.config/discord/0.0.102/modules/pending/discord_voice-1.zip: 22%
7/17/2025, 10:30:28 AM GMT+2 [Modules] Streaming discord_voice@1 to /home/nikzo/.config/discord/0.0.102/modules/pending/discord_voice-1.zip: 23%
7/17/2025, 10:30:28 AM GMT+2 [Modules] Streaming discord_voice@1 to /home/nikzo/.config/discord/0.0.102/modules/pending/discord_voice-1.zip: 24%
7/17/2025, 10:30:28 AM GMT+2 [Modules] Streaming discord_voice@1 to /home/nikzo/.config/discord/0.0.102/modules/pending/discord_voice-1.zip: 25%
7/17/2025, 10:30:28 AM GMT+2 [Modules] Streaming discord_voice@1 to /home/nikzo/.config/discord/0.0.102/modules/pending/discord_voice-1.zip: 26%
7/17/2025, 10:30:28 AM GMT+2 [Modules] Streaming discord_voice@1 to /home/nikzo/.config/discord/0.0.102/modules/pending/discord_voice-1.zip: 27%
7/17/2025, 10:30:28 AM GMT+2 [Modules] Streaming discord_voice@1 to /home/nikzo/.config/discord/0.0.102/modules/pending/discord_voice-1.zip: 28%
7/17/2025, 10:30:28 AM GMT+2 [Modules] Streaming discord_voice@1 to /home/nikzo/.config/discord/0.0.102/modules/pending/discord_voice-1.zip: 29%
7/17/2025, 10:30:28 AM GMT+2 [Modules] Streaming discord_voice@1 to /home/nikzo/.config/discord/0.0.102/modules/pending/discord_voice-1.zip: 30%
7/17/2025, 10:30:28 AM GMT+2 [Modules] Streaming discord_voice@1 to /home/nikzo/.config/discord/0.0.102/modules/pending/discord_voice-1.zip: 31%
7/17/2025, 10:30:28 AM GMT+2 [Modules] Streaming discord_voice@1 to /home/nikzo/.config/discord/0.0.102/modules/pending/discord_voice-1.zip: 32%
7/17/2025, 10:30:29 AM GMT+2 [Modules] Streaming discord_voice@1 to /home/nikzo/.config/discord/0.0.102/modules/pending/discord_voice-1.zip: 33%
7/17/2025, 10:30:29 AM GMT+2 [Modules] Streaming discord_voice@1 to /home/nikzo/.config/discord/0.0.102/modules/pending/discord_voice-1.zip: 34%
7/17/2025, 10:30:29 AM GMT+2 [Modules] Streaming discord_voice@1 to /home/nikzo/.config/discord/0.0.102/modules/pending/discord_voice-1.zip: 35%
7/17/2025, 10:30:29 AM GMT+2 [Modules] Streaming discord_voice@1 to /home/nikzo/.config/discord/0.0.102/modules/pending/discord_voice-1.zip: 36%
7/17/2025, 10:30:29 AM GMT+2 [Modules] Streaming discord_voice@1 to /home/nikzo/.config/discord/0.0.102/modules/pending/discord_voice-1.zip: 37%
7/17/2025, 10:30:29 AM GMT+2 [Modules] Streaming discord_voice@1 to /home/nikzo/.config/discord/0.0.102/modules/pending/discord_voice-1.zip: 38%
7/17/2025, 10:30:29 AM GMT+2 [Modules] Streaming discord_voice@1 to /home/nikzo/.config/discord/0.0.102/modules/pending/discord_voice-1.zip: 39%
7/17/2025, 10:30:29 AM GMT+2 [Modules] Streaming discord_voice@1 to /home/nikzo/.config/discord/0.0.102/modules/pending/discord_voice-1.zip: 40%
7/17/2025, 10:30:29 AM GMT+2 [Modules] Streaming discord_voice@1 to /home/nikzo/.config/discord/0.0.102/modules/pending/discord_voice-1.zip: 41%
7/17/2025, 10:30:29 AM GMT+2 [Modules] Streaming discord_voice@1 to /home/nikzo/.config/discord/0.0.102/modules/pending/discord_voice-1.zip: 42%
7/17/2025, 10:30:29 AM GMT+2 [Modules] Streaming discord_voice@1 to /home/nikzo/.config/discord/0.0.102/modules/pending/discord_voice-1.zip: 43%
7/17/2025, 10:30:29 AM GMT+2 [Modules] Streaming discord_voice@1 to /home/nikzo/.config/discord/0.0.102/modules/pending/discord_voice-1.zip: 44%
7/17/2025, 10:30:29 AM GMT+2 [Modules] Streaming discord_voice@1 to /home/nikzo/.config/discord/0.0.102/modules/pending/discord_voice-1.zip: 45%
7/17/2025, 10:30:29 AM GMT+2 [Modules] Streaming discord_voice@1 to /home/nikzo/.config/discord/0.0.102/modules/pending/discord_voice-1.zip: 46%
7/17/2025, 10:30:29 AM GMT+2 [Modules] Streaming discord_voice@1 to /home/nikzo/.config/discord/0.0.102/modules/pending/discord_voice-1.zip: 47%
7/17/2025, 10:30:29 AM GMT+2 [Modules] Streaming discord_voice@1 to /home/nikzo/.config/discord/0.0.102/modules/pending/discord_voice-1.zip: 48%
7/17/2025, 10:30:29 AM GMT+2 [Modules] Streaming discord_voice@1 to /home/nikzo/.config/discord/0.0.102/modules/pending/discord_voice-1.zip: 49%
7/17/2025, 10:30:29 AM GMT+2 [Modules] Streaming discord_voice@1 to /home/nikzo/.config/discord/0.0.102/modules/pending/discord_voice-1.zip: 50%
7/17/2025, 10:30:29 AM GMT+2 [Modules] Streaming discord_voice@1 to /home/nikzo/.config/discord/0.0.102/modules/pending/discord_voice-1.zip: 51%
7/17/2025, 10:30:29 AM GMT+2 [Modules] Streaming discord_voice@1 to /home/nikzo/.config/discord/0.0.102/modules/pending/discord_voice-1.zip: 52%
7/17/2025, 10:30:29 AM GMT+2 [Modules] Streaming discord_voice@1 to /home/nikzo/.config/discord/0.0.102/modules/pending/discord_voice-1.zip: 53%
7/17/2025, 10:30:29 AM GMT+2 [Modules] Streaming discord_voice@1 to /home/nikzo/.config/discord/0.0.102/modules/pending/discord_voice-1.zip: 54%
7/17/2025, 10:30:29 AM GMT+2 [Modules] Streaming discord_voice@1 to /home/nikzo/.config/discord/0.0.102/modules/pending/discord_voice-1.zip: 55%
7/17/2025, 10:30:29 AM GMT+2 [Modules] Streaming discord_voice@1 to /home/nikzo/.config/discord/0.0.102/modules/pending/discord_voice-1.zip: 56%
7/17/2025, 10:30:29 AM GMT+2 [Modules] Streaming discord_voice@1 to /home/nikzo/.config/discord/0.0.102/modules/pending/discord_voice-1.zip: 57%
7/17/2025, 10:30:29 AM GMT+2 [Modules] Streaming discord_voice@1 to /home/nikzo/.config/discord/0.0.102/modules/pending/discord_voice-1.zip: 58%
7/17/2025, 10:30:29 AM GMT+2 [Modules] Streaming discord_voice@1 to /home/nikzo/.config/discord/0.0.102/modules/pending/discord_voice-1.zip: 59%
7/17/2025, 10:30:29 AM GMT+2 [Modules] Streaming discord_voice@1 to /home/nikzo/.config/discord/0.0.102/modules/pending/discord_voice-1.zip: 60%
7/17/2025, 10:30:29 AM GMT+2 [Modules] Streaming discord_voice@1 to /home/nikzo/.config/discord/0.0.102/modules/pending/discord_voice-1.zip: 61%
7/17/2025, 10:30:29 AM GMT+2 [Modules] Streaming discord_voice@1 to /home/nikzo/.config/discord/0.0.102/modules/pending/discord_voice-1.zip: 62%
7/17/2025, 10:30:29 AM GMT+2 [Modules] Streaming discord_voice@1 to /home/nikzo/.config/discord/0.0.102/modules/pending/discord_voice-1.zip: 63%
7/17/2025, 10:30:29 AM GMT+2 [Modules] Streaming discord_voice@1 to /home/nikzo/.config/discord/0.0.102/modules/pending/discord_voice-1.zip: 64%
7/17/2025, 10:30:29 AM GMT+2 [Modules] Streaming discord_voice@1 to /home/nikzo/.config/discord/0.0.102/modules/pending/discord_voice-1.zip: 65%
7/17/2025, 10:30:29 AM GMT+2 [Modules] Streaming discord_voice@1 to /home/nikzo/.config/discord/0.0.102/modules/pending/discord_voice-1.zip: 66%
7/17/2025, 10:30:29 AM GMT+2 [Modules] Streaming discord_voice@1 to /home/nikzo/.config/discord/0.0.102/modules/pending/discord_voice-1.zip: 67%
7/17/2025, 10:30:29 AM GMT+2 [Modules] Streaming discord_voice@1 to /home/nikzo/.config/discord/0.0.102/modules/pending/discord_voice-1.zip: 68%
7/17/2025, 10:30:29 AM GMT+2 [Modules] Streaming discord_voice@1 to /home/nikzo/.config/discord/0.0.102/modules/pending/discord_voice-1.zip: 69%
7/17/2025, 10:30:29 AM GMT+2 [Modules] Streaming discord_voice@1 to /home/nikzo/.config/discord/0.0.102/modules/pending/discord_voice-1.zip: 70%
7/17/2025, 10:30:29 AM GMT+2 [Modules] Streaming discord_voice@1 to /home/nikzo/.config/discord/0.0.102/modules/pending/discord_voice-1.zip: 71%
7/17/2025, 10:30:29 AM GMT+2 [Modules] Streaming discord_voice@1 to /home/nikzo/.config/discord/0.0.102/modules/pending/discord_voice-1.zip: 72%
7/17/2025, 10:30:29 AM GMT+2 [Modules] Streaming discord_voice@1 to /home/nikzo/.config/discord/0.0.102/modules/pending/discord_voice-1.zip: 73%
7/17/2025, 10:30:30 AM GMT+2 [Modules] Streaming discord_voice@1 to /home/nikzo/.config/discord/0.0.102/modules/pending/discord_voice-1.zip: 74%
7/17/2025, 10:30:30 AM GMT+2 [Modules] Streaming discord_voice@1 to /home/nikzo/.config/discord/0.0.102/modules/pending/discord_voice-1.zip: 75%
7/17/2025, 10:30:30 AM GMT+2 [Modules] Streaming discord_voice@1 to /home/nikzo/.config/discord/0.0.102/modules/pending/discord_voice-1.zip: 76%
7/17/2025, 10:30:30 AM GMT+2 [Modules] Streaming discord_voice@1 to /home/nikzo/.config/discord/0.0.102/modules/pending/discord_voice-1.zip: 77%
7/17/2025, 10:30:30 AM GMT+2 [Modules] Streaming discord_voice@1 to /home/nikzo/.config/discord/0.0.102/modules/pending/discord_voice-1.zip: 78%
7/17/2025, 10:30:30 AM GMT+2 [Modules] Streaming discord_voice@1 to /home/nikzo/.config/discord/0.0.102/modules/pending/discord_voice-1.zip: 79%
7/17/2025, 10:30:30 AM GMT+2 [Modules] Streaming discord_voice@1 to /home/nikzo/.config/discord/0.0.102/modules/pending/discord_voice-1.zip: 80%
7/17/2025, 10:30:30 AM GMT+2 [Modules] Streaming discord_voice@1 to /home/nikzo/.config/discord/0.0.102/modules/pending/discord_voice-1.zip: 81%
7/17/2025, 10:30:30 AM GMT+2 [Modules] Streaming discord_voice@1 to /home/nikzo/.config/discord/0.0.102/modules/pending/discord_voice-1.zip: 82%
7/17/2025, 10:30:30 AM GMT+2 [Modules] Streaming discord_voice@1 to /home/nikzo/.config/discord/0.0.102/modules/pending/discord_voice-1.zip: 83%
7/17/2025, 10:30:30 AM GMT+2 [Modules] Streaming discord_voice@1 to /home/nikzo/.config/discord/0.0.102/modules/pending/discord_voice-1.zip: 84%
7/17/2025, 10:30:30 AM GMT+2 [Modules] Streaming discord_voice@1 to /home/nikzo/.config/discord/0.0.102/modules/pending/discord_voice-1.zip: 85%
7/17/2025, 10:30:30 AM GMT+2 [Modules] Streaming discord_voice@1 to /home/nikzo/.config/discord/0.0.102/modules/pending/discord_voice-1.zip: 86%
7/17/2025, 10:30:30 AM GMT+2 [Modules] Streaming discord_voice@1 to /home/nikzo/.config/discord/0.0.102/modules/pending/discord_voice-1.zip: 87%
7/17/2025, 10:30:30 AM GMT+2 [Modules] Streaming discord_voice@1 to /home/nikzo/.config/discord/0.0.102/modules/pending/discord_voice-1.zip: 88%
7/17/2025, 10:30:30 AM GMT+2 [Modules] Streaming discord_voice@1 to /home/nikzo/.config/discord/0.0.102/modules/pending/discord_voice-1.zip: 89%
7/17/2025, 10:30:30 AM GMT+2 [Modules] Streaming discord_voice@1 to /home/nikzo/.config/discord/0.0.102/modules/pending/discord_voice-1.zip: 90%
7/17/2025, 10:30:30 AM GMT+2 [Modules] Streaming discord_voice@1 to /home/nikzo/.config/discord/0.0.102/modules/pending/discord_voice-1.zip: 91%
7/17/2025, 10:30:30 AM GMT+2 [Modules] Streaming discord_voice@1 to /home/nikzo/.config/discord/0.0.102/modules/pending/discord_voice-1.zip: 92%
7/17/2025, 10:30:30 AM GMT+2 [Modules] Streaming discord_voice@1 to /home/nikzo/.config/discord/0.0.102/modules/pending/discord_voice-1.zip: 93%
7/17/2025, 10:30:30 AM GMT+2 [Modules] Streaming discord_voice@1 to /home/nikzo/.config/discord/0.0.102/modules/pending/discord_voice-1.zip: 94%
7/17/2025, 10:30:30 AM GMT+2 [Modules] Streaming discord_voice@1 to /home/nikzo/.config/discord/0.0.102/modules/pending/discord_voice-1.zip: 95%
7/17/2025, 10:30:30 AM GMT+2 [Modules] Streaming discord_voice@1 to /home/nikzo/.config/discord/0.0.102/modules/pending/discord_voice-1.zip: 96%
7/17/2025, 10:30:30 AM GMT+2 [Modules] Streaming discord_voice@1 to /home/nikzo/.config/discord/0.0.102/modules/pending/discord_voice-1.zip: 97%
7/17/2025, 10:30:30 AM GMT+2 [Modules] Streaming discord_voice@1 to /home/nikzo/.config/discord/0.0.102/modules/pending/discord_voice-1.zip: 98%
7/17/2025, 10:30:30 AM GMT+2 [Modules] Streaming discord_voice@1 to /home/nikzo/.config/discord/0.0.102/modules/pending/discord_voice-1.zip: 99%
7/17/2025, 10:30:30 AM GMT+2 [Modules] Streaming discord_voice@1 to /home/nikzo/.config/discord/0.0.102/modules/pending/discord_voice-1.zip: 100%
7/17/2025, 10:30:30 AM GMT+2 [Modules] Fetching discord_zstd@1 from https://discord.com/api/modules/stable/discord_zstd/1
7/17/2025, 10:30:30 AM GMT+2 [Modules] Streaming discord_zstd@1 to /home/nikzo/.config/discord/0.0.102/modules/pending/discord_zstd-1.zip
7/17/2025, 10:30:30 AM GMT+2 [Modules] Streaming discord_zstd@1 to /home/nikzo/.config/discord/0.0.102/modules/pending/discord_zstd-1.zip: 6%
7/17/2025, 10:30:30 AM GMT+2 [Modules] Streaming discord_zstd@1 to /home/nikzo/.config/discord/0.0.102/modules/pending/discord_zstd-1.zip: 22%
7/17/2025, 10:30:30 AM GMT+2 [Modules] Streaming discord_zstd@1 to /home/nikzo/.config/discord/0.0.102/modules/pending/discord_zstd-1.zip: 27%
7/17/2025, 10:30:30 AM GMT+2 [Modules] Streaming discord_zstd@1 to /home/nikzo/.config/discord/0.0.102/modules/pending/discord_zstd-1.zip: 37%
7/17/2025, 10:30:30 AM GMT+2 [Modules] Streaming discord_zstd@1 to /home/nikzo/.config/discord/0.0.102/modules/pending/discord_zstd-1.zip: 48%
7/17/2025, 10:30:30 AM GMT+2 [Modules] Streaming discord_zstd@1 to /home/nikzo/.config/discord/0.0.102/modules/pending/discord_zstd-1.zip: 54%
7/17/2025, 10:30:30 AM GMT+2 [Modules] Streaming discord_zstd@1 to /home/nikzo/.config/discord/0.0.102/modules/pending/discord_zstd-1.zip: 64%
7/17/2025, 10:30:30 AM GMT+2 [Modules] Streaming discord_zstd@1 to /home/nikzo/.config/discord/0.0.102/modules/pending/discord_zstd-1.zip: 85%
7/17/2025, 10:30:30 AM GMT+2 [Modules] Streaming discord_zstd@1 to /home/nikzo/.config/discord/0.0.102/modules/pending/discord_zstd-1.zip: 94%
7/17/2025, 10:30:30 AM GMT+2 [Modules] Streaming discord_zstd@1 to /home/nikzo/.config/discord/0.0.102/modules/pending/discord_zstd-1.zip: 100%
7/17/2025, 10:30:30 AM GMT+2 [Modules] Finished module downloads. [success: 6] [failure: 0]
7/17/2025, 10:30:30 AM GMT+2 [Modules] Installing updates...
7/17/2025, 10:30:30 AM GMT+2 [Modules] Installing discord_desktop_core@1 from /home/nikzo/.config/discord/0.0.102/modules/pending/discord_desktop_core-1.zip
7/17/2025, 10:30:31 AM GMT+2 [Modules] Installing discord_erlpack@1 from /home/nikzo/.config/discord/0.0.102/modules/pending/discord_erlpack-1.zip
7/17/2025, 10:30:31 AM GMT+2 [Modules] Installing discord_spellcheck@1 from /home/nikzo/.config/discord/0.0.102/modules/pending/discord_spellcheck-1.zip
7/17/2025, 10:30:32 AM GMT+2 [Modules] Installing discord_utils@1 from /home/nikzo/.config/discord/0.0.102/modules/pending/discord_utils-1.zip
7/17/2025, 10:30:32 AM GMT+2 [Modules] Installing discord_voice@1 from /home/nikzo/.config/discord/0.0.102/modules/pending/discord_voice-1.zip
7/17/2025, 10:30:33 AM GMT+2 [Modules] Installing discord_zstd@1 from /home/nikzo/.config/discord/0.0.102/modules/pending/discord_zstd-1.zip
7/17/2025, 10:30:33 AM GMT+2 [Modules] Finished module installations. [success: 6] [failure: 0]
7/17/2025, 10:30:33 AM GMT+2 [Modules] Checking for host updates.
7/17/2025, 10:30:33 AM GMT+2 [Modules] Host is up to date.
7/17/2025, 10:30:33 AM GMT+2 [Modules] Checking for module updates at https://discord.com/api/modules/stable/versions.json
7/17/2025, 10:30:33 AM GMT+2 [Modules] No module updates available.
7/17/2025, 10:30:34 AM GMT+2 [Modules] Starting to install discord_krisp...
7/17/2025, 10:30:34 AM GMT+2 [Modules] Fetching discord_krisp@1 from https://discord.com/api/modules/stable/discord_krisp/1
7/17/2025, 10:30:34 AM GMT+2 [Modules] Streaming discord_krisp@1 to /home/nikzo/.config/discord/0.0.102/modules/pending/discord_krisp-1.zip
7/17/2025, 10:30:34 AM GMT+2 [Modules] Starting to install discord_game_utils...
7/17/2025, 10:30:35 AM GMT+2 [Modules] Streaming discord_krisp@1 to /home/nikzo/.config/discord/0.0.102/modules/pending/discord_krisp-1.zip: 1%
7/17/2025, 10:30:35 AM GMT+2 [Modules] Streaming discord_krisp@1 to /home/nikzo/.config/discord/0.0.102/modules/pending/discord_krisp-1.zip: 2%
7/17/2025, 10:30:35 AM GMT+2 [Modules] Streaming discord_krisp@1 to /home/nikzo/.config/discord/0.0.102/modules/pending/discord_krisp-1.zip: 3%
7/17/2025, 10:30:35 AM GMT+2 [Modules] Streaming discord_krisp@1 to /home/nikzo/.config/discord/0.0.102/modules/pending/discord_krisp-1.zip: 4%
7/17/2025, 10:30:35 AM GMT+2 [Modules] Streaming discord_krisp@1 to /home/nikzo/.config/discord/0.0.102/modules/pending/discord_krisp-1.zip: 5%
7/17/2025, 10:30:35 AM GMT+2 [Modules] Streaming discord_krisp@1 to /home/nikzo/.config/discord/0.0.102/modules/pending/discord_krisp-1.zip: 6%
7/17/2025, 10:30:35 AM GMT+2 [Modules] Streaming discord_krisp@1 to /home/nikzo/.config/discord/0.0.102/modules/pending/discord_krisp-1.zip: 7%
7/17/2025, 10:30:35 AM GMT+2 [Modules] Streaming discord_krisp@1 to /home/nikzo/.config/discord/0.0.102/modules/pending/discord_krisp-1.zip: 8%
7/17/2025, 10:30:35 AM GMT+2 [Modules] Streaming discord_krisp@1 to /home/nikzo/.config/discord/0.0.102/modules/pending/discord_krisp-1.zip: 9%
7/17/2025, 10:30:35 AM GMT+2 [Modules] Streaming discord_krisp@1 to /home/nikzo/.config/discord/0.0.102/modules/pending/discord_krisp-1.zip: 10%
7/17/2025, 10:30:35 AM GMT+2 [Modules] Streaming discord_krisp@1 to /home/nikzo/.config/discord/0.0.102/modules/pending/discord_krisp-1.zip: 11%
7/17/2025, 10:30:35 AM GMT+2 [Modules] Streaming discord_krisp@1 to /home/nikzo/.config/discord/0.0.102/modules/pending/discord_krisp-1.zip: 12%
7/17/2025, 10:30:35 AM GMT+2 [Modules] Streaming discord_krisp@1 to /home/nikzo/.config/discord/0.0.102/modules/pending/discord_krisp-1.zip: 13%
7/17/2025, 10:30:35 AM GMT+2 [Modules] Streaming discord_krisp@1 to /home/nikzo/.config/discord/0.0.102/modules/pending/discord_krisp-1.zip: 14%
7/17/2025, 10:30:35 AM GMT+2 [Modules] Streaming discord_krisp@1 to /home/nikzo/.config/discord/0.0.102/modules/pending/discord_krisp-1.zip: 15%
7/17/2025, 10:30:35 AM GMT+2 [Modules] Streaming discord_krisp@1 to /home/nikzo/.config/discord/0.0.102/modules/pending/discord_krisp-1.zip: 16%
7/17/2025, 10:30:35 AM GMT+2 [Modules] Streaming discord_krisp@1 to /home/nikzo/.config/discord/0.0.102/modules/pending/discord_krisp-1.zip: 17%
7/17/2025, 10:30:35 AM GMT+2 [Modules] Streaming discord_krisp@1 to /home/nikzo/.config/discord/0.0.102/modules/pending/discord_krisp-1.zip: 18%
7/17/2025, 10:30:35 AM GMT+2 [Modules] Streaming discord_krisp@1 to /home/nikzo/.config/discord/0.0.102/modules/pending/discord_krisp-1.zip: 19%
7/17/2025, 10:30:35 AM GMT+2 [Modules] Streaming discord_krisp@1 to /home/nikzo/.config/discord/0.0.102/modules/pending/discord_krisp-1.zip: 20%
7/17/2025, 10:30:35 AM GMT+2 [Modules] Streaming discord_krisp@1 to /home/nikzo/.config/discord/0.0.102/modules/pending/discord_krisp-1.zip: 21%
7/17/2025, 10:30:35 AM GMT+2 [Modules] Streaming discord_krisp@1 to /home/nikzo/.config/discord/0.0.102/modules/pending/discord_krisp-1.zip: 22%
7/17/2025, 10:30:35 AM GMT+2 [Modules] Streaming discord_krisp@1 to /home/nikzo/.config/discord/0.0.102/modules/pending/discord_krisp-1.zip: 23%
7/17/2025, 10:30:35 AM GMT+2 [Modules] Starting to install discord_rpc...
7/17/2025, 10:30:35 AM GMT+2 [Modules] Streaming discord_krisp@1 to /home/nikzo/.config/discord/0.0.102/modules/pending/discord_krisp-1.zip: 24%
7/17/2025, 10:30:35 AM GMT+2 [Modules] Streaming discord_krisp@1 to /home/nikzo/.config/discord/0.0.102/modules/pending/discord_krisp-1.zip: 25%
7/17/2025, 10:30:35 AM GMT+2 [Modules] Streaming discord_krisp@1 to /home/nikzo/.config/discord/0.0.102/modules/pending/discord_krisp-1.zip: 26%
7/17/2025, 10:30:36 AM GMT+2 [Modules] Streaming discord_krisp@1 to /home/nikzo/.config/discord/0.0.102/modules/pending/discord_krisp-1.zip: 27%
7/17/2025, 10:30:36 AM GMT+2 [Modules] Streaming discord_krisp@1 to /home/nikzo/.config/discord/0.0.102/modules/pending/discord_krisp-1.zip: 28%
7/17/2025, 10:30:36 AM GMT+2 [Modules] Streaming discord_krisp@1 to /home/nikzo/.config/discord/0.0.102/modules/pending/discord_krisp-1.zip: 29%
7/17/2025, 10:30:36 AM GMT+2 [Modules] Streaming discord_krisp@1 to /home/nikzo/.config/discord/0.0.102/modules/pending/discord_krisp-1.zip: 30%
7/17/2025, 10:30:36 AM GMT+2 [Modules] Streaming discord_krisp@1 to /home/nikzo/.config/discord/0.0.102/modules/pending/discord_krisp-1.zip: 31%
7/17/2025, 10:30:36 AM GMT+2 [Modules] Streaming discord_krisp@1 to /home/nikzo/.config/discord/0.0.102/modules/pending/discord_krisp-1.zip: 32%
7/17/2025, 10:30:36 AM GMT+2 [Modules] Streaming discord_krisp@1 to /home/nikzo/.config/discord/0.0.102/modules/pending/discord_krisp-1.zip: 33%
7/17/2025, 10:30:36 AM GMT+2 [Modules] Streaming discord_krisp@1 to /home/nikzo/.config/discord/0.0.102/modules/pending/discord_krisp-1.zip: 34%
7/17/2025, 10:30:36 AM GMT+2 [Modules] Streaming discord_krisp@1 to /home/nikzo/.config/discord/0.0.102/modules/pending/discord_krisp-1.zip: 35%
7/17/2025, 10:30:36 AM GMT+2 [Modules] Streaming discord_krisp@1 to /home/nikzo/.config/discord/0.0.102/modules/pending/discord_krisp-1.zip: 36%
7/17/2025, 10:30:36 AM GMT+2 [Modules] Streaming discord_krisp@1 to /home/nikzo/.config/discord/0.0.102/modules/pending/discord_krisp-1.zip: 37%
7/17/2025, 10:30:36 AM GMT+2 [Modules] Streaming discord_krisp@1 to /home/nikzo/.config/discord/0.0.102/modules/pending/discord_krisp-1.zip: 38%
7/17/2025, 10:30:36 AM GMT+2 [Modules] Streaming discord_krisp@1 to /home/nikzo/.config/discord/0.0.102/modules/pending/discord_krisp-1.zip: 39%
7/17/2025, 10:30:36 AM GMT+2 [Modules] Streaming discord_krisp@1 to /home/nikzo/.config/discord/0.0.102/modules/pending/discord_krisp-1.zip: 40%
7/17/2025, 10:30:36 AM GMT+2 [Modules] Streaming discord_krisp@1 to /home/nikzo/.config/discord/0.0.102/modules/pending/discord_krisp-1.zip: 41%
7/17/2025, 10:30:36 AM GMT+2 [Modules] Streaming discord_krisp@1 to /home/nikzo/.config/discord/0.0.102/modules/pending/discord_krisp-1.zip: 42%
7/17/2025, 10:30:36 AM GMT+2 [Modules] Streaming discord_krisp@1 to /home/nikzo/.config/discord/0.0.102/modules/pending/discord_krisp-1.zip: 43%
7/17/2025, 10:30:36 AM GMT+2 [Modules] Streaming discord_krisp@1 to /home/nikzo/.config/discord/0.0.102/modules/pending/discord_krisp-1.zip: 44%
7/17/2025, 10:30:36 AM GMT+2 [Modules] Streaming discord_krisp@1 to /home/nikzo/.config/discord/0.0.102/modules/pending/discord_krisp-1.zip: 45%
7/17/2025, 10:30:36 AM GMT+2 [Modules] Streaming discord_krisp@1 to /home/nikzo/.config/discord/0.0.102/modules/pending/discord_krisp-1.zip: 46%
7/17/2025, 10:30:36 AM GMT+2 [Modules] Streaming discord_krisp@1 to /home/nikzo/.config/discord/0.0.102/modules/pending/discord_krisp-1.zip: 47%
7/17/2025, 10:30:36 AM GMT+2 [Modules] Streaming discord_krisp@1 to /home/nikzo/.config/discord/0.0.102/modules/pending/discord_krisp-1.zip: 48%
7/17/2025, 10:30:36 AM GMT+2 [Modules] Streaming discord_krisp@1 to /home/nikzo/.config/discord/0.0.102/modules/pending/discord_krisp-1.zip: 49%
7/17/2025, 10:30:36 AM GMT+2 [Modules] Streaming discord_krisp@1 to /home/nikzo/.config/discord/0.0.102/modules/pending/discord_krisp-1.zip: 50%
7/17/2025, 10:30:36 AM GMT+2 [Modules] Streaming discord_krisp@1 to /home/nikzo/.config/discord/0.0.102/modules/pending/discord_krisp-1.zip: 51%
7/17/2025, 10:30:36 AM GMT+2 [Modules] Streaming discord_krisp@1 to /home/nikzo/.config/discord/0.0.102/modules/pending/discord_krisp-1.zip: 52%
7/17/2025, 10:30:36 AM GMT+2 [Modules] Streaming discord_krisp@1 to /home/nikzo/.config/discord/0.0.102/modules/pending/discord_krisp-1.zip: 53%
7/17/2025, 10:30:36 AM GMT+2 [Modules] Streaming discord_krisp@1 to /home/nikzo/.config/discord/0.0.102/modules/pending/discord_krisp-1.zip: 54%
7/17/2025, 10:30:36 AM GMT+2 [Modules] Streaming discord_krisp@1 to /home/nikzo/.config/discord/0.0.102/modules/pending/discord_krisp-1.zip: 55%
7/17/2025, 10:30:36 AM GMT+2 [Modules] Streaming discord_krisp@1 to /home/nikzo/.config/discord/0.0.102/modules/pending/discord_krisp-1.zip: 56%
7/17/2025, 10:30:37 AM GMT+2 [Modules] Streaming discord_krisp@1 to /home/nikzo/.config/discord/0.0.102/modules/pending/discord_krisp-1.zip: 57%
7/17/2025, 10:30:37 AM GMT+2 [Modules] Streaming discord_krisp@1 to /home/nikzo/.config/discord/0.0.102/modules/pending/discord_krisp-1.zip: 58%
7/17/2025, 10:30:37 AM GMT+2 [Modules] Streaming discord_krisp@1 to /home/nikzo/.config/discord/0.0.102/modules/pending/discord_krisp-1.zip: 59%
7/17/2025, 10:30:37 AM GMT+2 [Modules] Streaming discord_krisp@1 to /home/nikzo/.config/discord/0.0.102/modules/pending/discord_krisp-1.zip: 60%
7/17/2025, 10:30:37 AM GMT+2 [Modules] Streaming discord_krisp@1 to /home/nikzo/.config/discord/0.0.102/modules/pending/discord_krisp-1.zip: 61%
7/17/2025, 10:30:37 AM GMT+2 [Modules] Streaming discord_krisp@1 to /home/nikzo/.config/discord/0.0.102/modules/pending/discord_krisp-1.zip: 62%
7/17/2025, 10:30:37 AM GMT+2 [Modules] Streaming discord_krisp@1 to /home/nikzo/.config/discord/0.0.102/modules/pending/discord_krisp-1.zip: 63%
7/17/2025, 10:30:37 AM GMT+2 [Modules] Streaming discord_krisp@1 to /home/nikzo/.config/discord/0.0.102/modules/pending/discord_krisp-1.zip: 64%
7/17/2025, 10:30:37 AM GMT+2 [Modules] Streaming discord_krisp@1 to /home/nikzo/.config/discord/0.0.102/modules/pending/discord_krisp-1.zip: 65%
7/17/2025, 10:30:37 AM GMT+2 [Modules] Streaming discord_krisp@1 to /home/nikzo/.config/discord/0.0.102/modules/pending/discord_krisp-1.zip: 66%
7/17/2025, 10:30:37 AM GMT+2 [Modules] Streaming discord_krisp@1 to /home/nikzo/.config/discord/0.0.102/modules/pending/discord_krisp-1.zip: 67%
7/17/2025, 10:30:37 AM GMT+2 [Modules] Streaming discord_krisp@1 to /home/nikzo/.config/discord/0.0.102/modules/pending/discord_krisp-1.zip: 68%
7/17/2025, 10:30:37 AM GMT+2 [Modules] Streaming discord_krisp@1 to /home/nikzo/.config/discord/0.0.102/modules/pending/discord_krisp-1.zip: 69%
7/17/2025, 10:30:37 AM GMT+2 [Modules] Streaming discord_krisp@1 to /home/nikzo/.config/discord/0.0.102/modules/pending/discord_krisp-1.zip: 70%
7/17/2025, 10:30:37 AM GMT+2 [Modules] Streaming discord_krisp@1 to /home/nikzo/.config/discord/0.0.102/modules/pending/discord_krisp-1.zip: 71%
7/17/2025, 10:30:37 AM GMT+2 [Modules] Streaming discord_krisp@1 to /home/nikzo/.config/discord/0.0.102/modules/pending/discord_krisp-1.zip: 72%
7/17/2025, 10:30:37 AM GMT+2 [Modules] Streaming discord_krisp@1 to /home/nikzo/.config/discord/0.0.102/modules/pending/discord_krisp-1.zip: 73%
7/17/2025, 10:30:37 AM GMT+2 [Modules] Streaming discord_krisp@1 to /home/nikzo/.config/discord/0.0.102/modules/pending/discord_krisp-1.zip: 74%
7/17/2025, 10:30:37 AM GMT+2 [Modules] Streaming discord_krisp@1 to /home/nikzo/.config/discord/0.0.102/modules/pending/discord_krisp-1.zip: 75%
7/17/2025, 10:30:37 AM GMT+2 [Modules] Streaming discord_krisp@1 to /home/nikzo/.config/discord/0.0.102/modules/pending/discord_krisp-1.zip: 76%
7/17/2025, 10:30:37 AM GMT+2 [Modules] Streaming discord_krisp@1 to /home/nikzo/.config/discord/0.0.102/modules/pending/discord_krisp-1.zip: 77%
7/17/2025, 10:30:37 AM GMT+2 [Modules] Streaming discord_krisp@1 to /home/nikzo/.config/discord/0.0.102/modules/pending/discord_krisp-1.zip: 78%
7/17/2025, 10:30:37 AM GMT+2 [Modules] Streaming discord_krisp@1 to /home/nikzo/.config/discord/0.0.102/modules/pending/discord_krisp-1.zip: 79%
7/17/2025, 10:30:37 AM GMT+2 [Modules] Streaming discord_krisp@1 to /home/nikzo/.config/discord/0.0.102/modules/pending/discord_krisp-1.zip: 80%
7/17/2025, 10:30:37 AM GMT+2 [Modules] Streaming discord_krisp@1 to /home/nikzo/.config/discord/0.0.102/modules/pending/discord_krisp-1.zip: 81%
7/17/2025, 10:30:37 AM GMT+2 [Modules] Streaming discord_krisp@1 to /home/nikzo/.config/discord/0.0.102/modules/pending/discord_krisp-1.zip: 82%
7/17/2025, 10:30:37 AM GMT+2 [Modules] Streaming discord_krisp@1 to /home/nikzo/.config/discord/0.0.102/modules/pending/discord_krisp-1.zip: 83%
7/17/2025, 10:30:37 AM GMT+2 [Modules] Streaming discord_krisp@1 to /home/nikzo/.config/discord/0.0.102/modules/pending/discord_krisp-1.zip: 84%
7/17/2025, 10:30:37 AM GMT+2 [Modules] Streaming discord_krisp@1 to /home/nikzo/.config/discord/0.0.102/modules/pending/discord_krisp-1.zip: 85%
7/17/2025, 10:30:37 AM GMT+2 [Modules] Streaming discord_krisp@1 to /home/nikzo/.config/discord/0.0.102/modules/pending/discord_krisp-1.zip: 86%
7/17/2025, 10:30:37 AM GMT+2 [Modules] Streaming discord_krisp@1 to /home/nikzo/.config/discord/0.0.102/modules/pending/discord_krisp-1.zip: 87%
7/17/2025, 10:30:37 AM GMT+2 [Modules] Streaming discord_krisp@1 to /home/nikzo/.config/discord/0.0.102/modules/pending/discord_krisp-1.zip: 88%
7/17/2025, 10:30:37 AM GMT+2 [Modules] Streaming discord_krisp@1 to /home/nikzo/.config/discord/0.0.102/modules/pending/discord_krisp-1.zip: 90%
7/17/2025, 10:30:37 AM GMT+2 [Modules] Streaming discord_krisp@1 to /home/nikzo/.config/discord/0.0.102/modules/pending/discord_krisp-1.zip: 91%
7/17/2025, 10:30:37 AM GMT+2 [Modules] Streaming discord_krisp@1 to /home/nikzo/.config/discord/0.0.102/modules/pending/discord_krisp-1.zip: 92%
7/17/2025, 10:30:37 AM GMT+2 [Modules] Streaming discord_krisp@1 to /home/nikzo/.config/discord/0.0.102/modules/pending/discord_krisp-1.zip: 93%
7/17/2025, 10:30:37 AM GMT+2 [Modules] Streaming discord_krisp@1 to /home/nikzo/.config/discord/0.0.102/modules/pending/discord_krisp-1.zip: 94%
7/17/2025, 10:30:37 AM GMT+2 [Modules] Streaming discord_krisp@1 to /home/nikzo/.config/discord/0.0.102/modules/pending/discord_krisp-1.zip: 95%
7/17/2025, 10:30:37 AM GMT+2 [Modules] Streaming discord_krisp@1 to /home/nikzo/.config/discord/0.0.102/modules/pending/discord_krisp-1.zip: 96%
7/17/2025, 10:30:37 AM GMT+2 [Modules] Streaming discord_krisp@1 to /home/nikzo/.config/discord/0.0.102/modules/pending/discord_krisp-1.zip: 97%
7/17/2025, 10:30:37 AM GMT+2 [Modules] Streaming discord_krisp@1 to /home/nikzo/.config/discord/0.0.102/modules/pending/discord_krisp-1.zip: 98%
7/17/2025, 10:30:38 AM GMT+2 [Modules] Streaming discord_krisp@1 to /home/nikzo/.config/discord/0.0.102/modules/pending/discord_krisp-1.zip: 99%
7/17/2025, 10:30:38 AM GMT+2 [Modules] Streaming discord_krisp@1 to /home/nikzo/.config/discord/0.0.102/modules/pending/discord_krisp-1.zip: 100%
7/17/2025, 10:30:38 AM GMT+2 [Modules] Fetching discord_game_utils@1 from https://discord.com/api/modules/stable/discord_game_utils/1
7/17/2025, 10:30:38 AM GMT+2 [Modules] Streaming discord_game_utils@1 to /home/nikzo/.config/discord/0.0.102/modules/pending/discord_game_utils-1.zip
7/17/2025, 10:30:38 AM GMT+2 [Modules] Installing discord_krisp@1 from /home/nikzo/.config/discord/0.0.102/modules/pending/discord_krisp-1.zip
7/17/2025, 10:30:38 AM GMT+2 [Modules] Streaming discord_game_utils@1 to /home/nikzo/.config/discord/0.0.102/modules/pending/discord_game_utils-1.zip: 3%
7/17/2025, 10:30:38 AM GMT+2 [Modules] Streaming discord_game_utils@1 to /home/nikzo/.config/discord/0.0.102/modules/pending/discord_game_utils-1.zip: 4%
7/17/2025, 10:30:38 AM GMT+2 [Modules] Streaming discord_game_utils@1 to /home/nikzo/.config/discord/0.0.102/modules/pending/discord_game_utils-1.zip: 5%
7/17/2025, 10:30:38 AM GMT+2 [Modules] Streaming discord_game_utils@1 to /home/nikzo/.config/discord/0.0.102/modules/pending/discord_game_utils-1.zip: 6%
7/17/2025, 10:30:38 AM GMT+2 [Modules] Streaming discord_game_utils@1 to /home/nikzo/.config/discord/0.0.102/modules/pending/discord_game_utils-1.zip: 8%
7/17/2025, 10:30:38 AM GMT+2 [Modules] Streaming discord_game_utils@1 to /home/nikzo/.config/discord/0.0.102/modules/pending/discord_game_utils-1.zip: 9%
7/17/2025, 10:30:38 AM GMT+2 [Modules] Streaming discord_game_utils@1 to /home/nikzo/.config/discord/0.0.102/modules/pending/discord_game_utils-1.zip: 11%
7/17/2025, 10:30:38 AM GMT+2 [Modules] Streaming discord_game_utils@1 to /home/nikzo/.config/discord/0.0.102/modules/pending/discord_game_utils-1.zip: 12%
7/17/2025, 10:30:38 AM GMT+2 [Modules] Streaming discord_game_utils@1 to /home/nikzo/.config/discord/0.0.102/modules/pending/discord_game_utils-1.zip: 13%
7/17/2025, 10:30:38 AM GMT+2 [Modules] Streaming discord_game_utils@1 to /home/nikzo/.config/discord/0.0.102/modules/pending/discord_game_utils-1.zip: 14%
7/17/2025, 10:30:38 AM GMT+2 [Modules] Streaming discord_game_utils@1 to /home/nikzo/.config/discord/0.0.102/modules/pending/discord_game_utils-1.zip: 16%
7/17/2025, 10:30:38 AM GMT+2 [Modules] Streaming discord_game_utils@1 to /home/nikzo/.config/discord/0.0.102/modules/pending/discord_game_utils-1.zip: 26%
7/17/2025, 10:30:38 AM GMT+2 [Modules] Streaming discord_game_utils@1 to /home/nikzo/.config/discord/0.0.102/modules/pending/discord_game_utils-1.zip: 29%
7/17/2025, 10:30:38 AM GMT+2 [Modules] Streaming discord_game_utils@1 to /home/nikzo/.config/discord/0.0.102/modules/pending/discord_game_utils-1.zip: 32%
7/17/2025, 10:30:38 AM GMT+2 [Modules] Streaming discord_game_utils@1 to /home/nikzo/.config/discord/0.0.102/modules/pending/discord_game_utils-1.zip: 34%
7/17/2025, 10:30:38 AM GMT+2 [Modules] Streaming discord_game_utils@1 to /home/nikzo/.config/discord/0.0.102/modules/pending/discord_game_utils-1.zip: 37%
7/17/2025, 10:30:38 AM GMT+2 [Modules] Streaming discord_game_utils@1 to /home/nikzo/.config/discord/0.0.102/modules/pending/discord_game_utils-1.zip: 39%
7/17/2025, 10:30:38 AM GMT+2 [Modules] Streaming discord_game_utils@1 to /home/nikzo/.config/discord/0.0.102/modules/pending/discord_game_utils-1.zip: 43%
7/17/2025, 10:30:38 AM GMT+2 [Modules] Streaming discord_game_utils@1 to /home/nikzo/.config/discord/0.0.102/modules/pending/discord_game_utils-1.zip: 45%
7/17/2025, 10:30:38 AM GMT+2 [Modules] Streaming discord_game_utils@1 to /home/nikzo/.config/discord/0.0.102/modules/pending/discord_game_utils-1.zip: 49%
7/17/2025, 10:30:38 AM GMT+2 [Modules] Streaming discord_game_utils@1 to /home/nikzo/.config/discord/0.0.102/modules/pending/discord_game_utils-1.zip: 52%
7/17/2025, 10:30:38 AM GMT+2 [Modules] Streaming discord_game_utils@1 to /home/nikzo/.config/discord/0.0.102/modules/pending/discord_game_utils-1.zip: 53%
7/17/2025, 10:30:38 AM GMT+2 [Modules] Streaming discord_game_utils@1 to /home/nikzo/.config/discord/0.0.102/modules/pending/discord_game_utils-1.zip: 56%
7/17/2025, 10:30:38 AM GMT+2 [Modules] Streaming discord_game_utils@1 to /home/nikzo/.config/discord/0.0.102/modules/pending/discord_game_utils-1.zip: 66%
7/17/2025, 10:30:38 AM GMT+2 [Modules] Streaming discord_game_utils@1 to /home/nikzo/.config/discord/0.0.102/modules/pending/discord_game_utils-1.zip: 69%
7/17/2025, 10:30:38 AM GMT+2 [Modules] Streaming discord_game_utils@1 to /home/nikzo/.config/discord/0.0.102/modules/pending/discord_game_utils-1.zip: 71%
7/17/2025, 10:30:38 AM GMT+2 [Modules] Streaming discord_game_utils@1 to /home/nikzo/.config/discord/0.0.102/modules/pending/discord_game_utils-1.zip: 73%
7/17/2025, 10:30:38 AM GMT+2 [Modules] Streaming discord_game_utils@1 to /home/nikzo/.config/discord/0.0.102/modules/pending/discord_game_utils-1.zip: 77%
7/17/2025, 10:30:38 AM GMT+2 [Modules] Streaming discord_game_utils@1 to /home/nikzo/.config/discord/0.0.102/modules/pending/discord_game_utils-1.zip: 80%
7/17/2025, 10:30:38 AM GMT+2 [Modules] Streaming discord_game_utils@1 to /home/nikzo/.config/discord/0.0.102/modules/pending/discord_game_utils-1.zip: 82%
7/17/2025, 10:30:38 AM GMT+2 [Modules] Streaming discord_game_utils@1 to /home/nikzo/.config/discord/0.0.102/modules/pending/discord_game_utils-1.zip: 83%
7/17/2025, 10:30:38 AM GMT+2 [Modules] Streaming discord_game_utils@1 to /home/nikzo/.config/discord/0.0.102/modules/pending/discord_game_utils-1.zip: 85%
7/17/2025, 10:30:38 AM GMT+2 [Modules] Streaming discord_game_utils@1 to /home/nikzo/.config/discord/0.0.102/modules/pending/discord_game_utils-1.zip: 89%
7/17/2025, 10:30:38 AM GMT+2 [Modules] Streaming discord_game_utils@1 to /home/nikzo/.config/discord/0.0.102/modules/pending/discord_game_utils-1.zip: 91%
7/17/2025, 10:30:38 AM GMT+2 [Modules] Streaming discord_game_utils@1 to /home/nikzo/.config/discord/0.0.102/modules/pending/discord_game_utils-1.zip: 99%
7/17/2025, 10:30:38 AM GMT+2 [Modules] Streaming discord_game_utils@1 to /home/nikzo/.config/discord/0.0.102/modules/pending/discord_game_utils-1.zip: 100%
7/17/2025, 10:30:38 AM GMT+2 [Modules] Fetching discord_rpc@1 from https://discord.com/api/modules/stable/discord_rpc/1
7/17/2025, 10:30:38 AM GMT+2 [Modules] Streaming discord_rpc@1 to /home/nikzo/.config/discord/0.0.102/modules/pending/discord_rpc-1.zip
7/17/2025, 10:30:38 AM GMT+2 [Modules] Installing discord_game_utils@1 from /home/nikzo/.config/discord/0.0.102/modules/pending/discord_game_utils-1.zip
7/17/2025, 10:30:38 AM GMT+2 [Modules] Finished module installations. [success: 2] [failure: 0]
7/17/2025, 10:30:38 AM GMT+2 [Modules] Streaming discord_rpc@1 to /home/nikzo/.config/discord/0.0.102/modules/pending/discord_rpc-1.zip: 91%
7/17/2025, 10:30:38 AM GMT+2 [Modules] Streaming discord_rpc@1 to /home/nikzo/.config/discord/0.0.102/modules/pending/discord_rpc-1.zip: 100%
7/17/2025, 10:30:38 AM GMT+2 [Modules] Finished module downloads. [success: 3] [failure: 0]
7/17/2025, 10:30:38 AM GMT+2 [Modules] Installing discord_rpc@1 from /home/nikzo/.config/discord/0.0.102/modules/pending/discord_rpc-1.zip
7/17/2025, 10:30:38 AM GMT+2 [Modules] Finished module installations. [success: 1] [failure: 0]
7/17/2025, 10:32:03 AM GMT+2 [Modules] Checking for host updates.
7/17/2025, 10:32:03 AM GMT+2 [Modules] Host is up to date.
7/17/2025, 10:32:03 AM GMT+2 [Modules] Checking for module updates at https://discord.com/api/modules/stable/versions.json
7/17/2025, 10:32:03 AM GMT+2 [Modules] No module updates available.
7/17/2025, 10:33:14 AM GMT+2 [Modules] Modules initializing
7/17/2025, 10:33:14 AM GMT+2 [Modules] Distribution: remote
7/17/2025, 10:33:14 AM GMT+2 [Modules] Host updates: enabled
7/17/2025, 10:33:14 AM GMT+2 [Modules] Module updates: enabled
7/17/2025, 10:33:14 AM GMT+2 [Modules] Module install path: /home/nikzo/.config/discord/0.0.102/modules
7/17/2025, 10:33:14 AM GMT+2 [Modules] Module installed file path: /home/nikzo/.config/discord/0.0.102/modules/installed.json
7/17/2025, 10:33:14 AM GMT+2 [Modules] Module download path: /home/nikzo/.config/discord/0.0.102/modules/pending
7/17/2025, 10:33:14 AM GMT+2 [Modules] No updates to install
7/17/2025, 10:33:14 AM GMT+2 [Modules] Checking for host updates.
7/17/2025, 10:33:15 AM GMT+2 [Modules] Host is up to date.
7/17/2025, 10:33:15 AM GMT+2 [Modules] Checking for module updates at https://discord.com/api/modules/stable/versions.json
7/17/2025, 10:33:15 AM GMT+2 [Modules] No module updates available.
7/17/2025, 10:33:22 AM GMT+2 [Modules] Checking for host updates.
7/17/2025, 10:33:22 AM GMT+2 [Modules] Host is up to date.
7/17/2025, 10:33:22 AM GMT+2 [Modules] Checking for module updates at https://discord.com/api/modules/stable/versions.json
7/17/2025, 10:33:22 AM GMT+2 [Modules] No module updates available.
7/17/2025, 10:35:35 AM GMT+2 [Modules] Modules initializing
7/17/2025, 10:35:35 AM GMT+2 [Modules] Distribution: remote
7/17/2025, 10:35:35 AM GMT+2 [Modules] Host updates: enabled
7/17/2025, 10:35:35 AM GMT+2 [Modules] Module updates: enabled
7/17/2025, 10:35:35 AM GMT+2 [Modules] Module install path: /home/nikzo/.config/discord/0.0.102/modules
7/17/2025, 10:35:35 AM GMT+2 [Modules] Module installed file path: /home/nikzo/.config/discord/0.0.102/modules/installed.json
7/17/2025, 10:35:35 AM GMT+2 [Modules] Module download path: /home/nikzo/.config/discord/0.0.102/modules/pending
7/17/2025, 10:35:35 AM GMT+2 [Modules] No updates to install
7/17/2025, 10:35:35 AM GMT+2 [Modules] Checking for host updates.
7/17/2025, 10:35:36 AM GMT+2 [Modules] Host is up to date.
7/17/2025, 10:35:36 AM GMT+2 [Modules] Checking for module updates at https://discord.com/api/modules/stable/versions.json
7/17/2025, 10:35:36 AM GMT+2 [Modules] No module updates available.
7/17/2025, 10:35:44 AM GMT+2 [Modules] Checking for host updates.
7/17/2025, 10:35:44 AM GMT+2 [Modules] Host is up to date.
7/17/2025, 10:35:44 AM GMT+2 [Modules] Checking for module updates at https://discord.com/api/modules/stable/versions.json
7/17/2025, 10:35:44 AM GMT+2 [Modules] No module updates available.
7/17/2025, 10:38:07 AM GMT+2 [Modules] Modules initializing
7/17/2025, 10:38:07 AM GMT+2 [Modules] Distribution: remote
7/17/2025, 10:38:07 AM GMT+2 [Modules] Host updates: enabled
7/17/2025, 10:38:07 AM GMT+2 [Modules] Module updates: enabled
7/17/2025, 10:38:07 AM GMT+2 [Modules] Module install path: /home/nikzo/.config/discord/0.0.102/modules
7/17/2025, 10:38:07 AM GMT+2 [Modules] Module installed file path: /home/nikzo/.config/discord/0.0.102/modules/installed.json
7/17/2025, 10:38:07 AM GMT+2 [Modules] Module download path: /home/nikzo/.config/discord/0.0.102/modules/pending
7/17/2025, 10:38:07 AM GMT+2 [Modules] No updates to install
7/17/2025, 10:38:07 AM GMT+2 [Modules] Checking for host updates.
7/17/2025, 10:38:07 AM GMT+2 [Modules] Host is up to date.
7/17/2025, 10:38:07 AM GMT+2 [Modules] Checking for module updates at https://discord.com/api/modules/stable/versions.json
7/17/2025, 10:38:07 AM GMT+2 [Modules] No module updates available.
7/17/2025, 10:38:14 AM GMT+2 [Modules] Checking for host updates.
7/17/2025, 10:38:14 AM GMT+2 [Modules] Host is up to date.
7/17/2025, 10:38:14 AM GMT+2 [Modules] Checking for module updates at https://discord.com/api/modules/stable/versions.json
7/17/2025, 10:38:14 AM GMT+2 [Modules] No module updates available.
7/17/2025, 6:25:58 PM GMT+2 [Modules] Modules initializing
7/17/2025, 6:25:58 PM GMT+2 [Modules] Distribution: remote
7/17/2025, 6:25:58 PM GMT+2 [Modules] Host updates: enabled
7/17/2025, 6:25:58 PM GMT+2 [Modules] Module updates: enabled
7/17/2025, 6:25:58 PM GMT+2 [Modules] Module install path: /home/nikzo/.config/discord/0.0.102/modules
7/17/2025, 6:25:58 PM GMT+2 [Modules] Module installed file path: /home/nikzo/.config/discord/0.0.102/modules/installed.json
7/17/2025, 6:25:58 PM GMT+2 [Modules] Module download path: /home/nikzo/.config/discord/0.0.102/modules/pending
7/17/2025, 6:25:59 PM GMT+2 [Modules] No updates to install
7/17/2025, 6:25:59 PM GMT+2 [Modules] Checking for host updates.
7/17/2025, 6:25:59 PM GMT+2 [Modules] Host is up to date.
7/17/2025, 6:25:59 PM GMT+2 [Modules] Checking for module updates at https://discord.com/api/modules/stable/versions.json
7/17/2025, 6:25:59 PM GMT+2 [Modules] No module updates available.
7/17/2025, 6:26:07 PM GMT+2 [Modules] Checking for host updates.
7/17/2025, 6:26:07 PM GMT+2 [Modules] Host is up to date.
7/17/2025, 6:26:07 PM GMT+2 [Modules] Checking for module updates at https://discord.com/api/modules/stable/versions.json
7/17/2025, 6:26:07 PM GMT+2 [Modules] No module updates available.
7/17/2025, 7:26:07 PM GMT+2 [Modules] Checking for host updates.
7/17/2025, 7:26:07 PM GMT+2 [Modules] Host is up to date.
7/17/2025, 7:26:07 PM GMT+2 [Modules] Checking for module updates at https://discord.com/api/modules/stable/versions.json
7/17/2025, 7:26:07 PM GMT+2 [Modules] No module updates available.
7/17/2025, 8:26:07 PM GMT+2 [Modules] Checking for host updates.
7/17/2025, 8:26:07 PM GMT+2 [Modules] Host is up to date.
7/17/2025, 8:26:07 PM GMT+2 [Modules] Checking for module updates at https://discord.com/api/modules/stable/versions.json
7/17/2025, 8:26:07 PM GMT+2 [Modules] No module updates available.
7/17/2025, 9:26:07 PM GMT+2 [Modules] Checking for host updates.
7/17/2025, 9:26:07 PM GMT+2 [Modules] Host is up to date.
7/17/2025, 9:26:07 PM GMT+2 [Modules] Checking for module updates at https://discord.com/api/modules/stable/versions.json
7/17/2025, 9:26:07 PM GMT+2 [Modules] No module updates available.
7/17/2025, 10:26:07 PM GMT+2 [Modules] Checking for host updates.
7/17/2025, 10:26:07 PM GMT+2 [Modules] Host is up to date.
7/17/2025, 10:26:07 PM GMT+2 [Modules] Checking for module updates at https://discord.com/api/modules/stable/versions.json
7/17/2025, 10:26:08 PM GMT+2 [Modules] No module updates available.
7/17/2025, 11:26:07 PM GMT+2 [Modules] Checking for host updates.
7/17/2025, 11:26:07 PM GMT+2 [Modules] Host is up to date.
7/17/2025, 11:26:07 PM GMT+2 [Modules] Checking for module updates at https://discord.com/api/modules/stable/versions.json
7/17/2025, 11:26:07 PM GMT+2 [Modules] No module updates available.
7/19/2025, 11:12:28 AM GMT+2 [Modules] Modules initializing
7/19/2025, 11:12:28 AM GMT+2 [Modules] Distribution: remote
7/19/2025, 11:12:28 AM GMT+2 [Modules] Host updates: enabled
7/19/2025, 11:12:28 AM GMT+2 [Modules] Module updates: enabled
7/19/2025, 11:12:28 AM GMT+2 [Modules] Module install path: /home/nikzo/.config/discord/0.0.102/modules
7/19/2025, 11:12:28 AM GMT+2 [Modules] Module installed file path: /home/nikzo/.config/discord/0.0.102/modules/installed.json
7/19/2025, 11:12:28 AM GMT+2 [Modules] Module download path: /home/nikzo/.config/discord/0.0.102/modules/pending
7/19/2025, 11:12:29 AM GMT+2 [Modules] No updates to install
7/19/2025, 11:12:29 AM GMT+2 [Modules] Checking for host updates.
7/19/2025, 11:12:29 AM GMT+2 [Modules] Host is up to date.
7/19/2025, 11:12:29 AM GMT+2 [Modules] Checking for module updates at https://discord.com/api/modules/stable/versions.json
7/19/2025, 11:12:29 AM GMT+2 [Modules] No module updates available.
7/19/2025, 11:12:36 AM GMT+2 [Modules] Checking for host updates.
7/19/2025, 11:12:37 AM GMT+2 [Modules] Host is up to date.
7/19/2025, 11:12:37 AM GMT+2 [Modules] Checking for module updates at https://discord.com/api/modules/stable/versions.json
7/19/2025, 11:12:37 AM GMT+2 [Modules] No module updates available.
7/20/2025, 7:58:17 PM GMT+2 [Modules] Modules initializing
7/20/2025, 7:58:17 PM GMT+2 [Modules] Distribution: remote
7/20/2025, 7:58:17 PM GMT+2 [Modules] Host updates: enabled
7/20/2025, 7:58:17 PM GMT+2 [Modules] Module updates: enabled
7/20/2025, 7:58:17 PM GMT+2 [Modules] Module install path: /home/nikzo/.config/discord/0.0.102/modules
7/20/2025, 7:58:17 PM GMT+2 [Modules] Module installed file path: /home/nikzo/.config/discord/0.0.102/modules/installed.json
7/20/2025, 7:58:17 PM GMT+2 [Modules] Module download path: /home/nikzo/.config/discord/0.0.102/modules/pending
7/20/2025, 7:58:17 PM GMT+2 [Modules] No updates to install
7/20/2025, 7:58:17 PM GMT+2 [Modules] Checking for host updates.
7/20/2025, 7:58:18 PM GMT+2 [Modules] Host is up to date.
7/20/2025, 7:58:18 PM GMT+2 [Modules] Checking for module updates at https://discord.com/api/modules/stable/versions.json
7/20/2025, 7:58:18 PM GMT+2 [Modules] No module updates available.
7/20/2025, 7:58:25 PM GMT+2 [Modules] Checking for host updates.
7/20/2025, 7:58:25 PM GMT+2 [Modules] Host is up to date.
7/20/2025, 7:58:25 PM GMT+2 [Modules] Checking for module updates at https://discord.com/api/modules/stable/versions.json
7/20/2025, 7:58:25 PM GMT+2 [Modules] No module updates available.
