2025-07-18 16:59:17.141 [info] [main] Log level: Info
2025-07-18 16:59:17.141 [info] [main] Validating found git in: "git"
2025-07-18 16:59:17.141 [info] [main] Using git "2.50.1" from "git"
2025-07-18 16:59:17.141 [info] [Model][doInitialScan] Initial repository scan started
2025-07-18 16:59:17.141 [info] > git rev-parse --show-toplevel [3ms]
2025-07-18 16:59:17.141 [info] fatal: not a git repository (or any of the parent directories): .git
2025-07-18 16:59:17.141 [info] [Model][doInitialScan] Initial repository scan completed - repositories (0), closed repositories (0), parent repositories (0), unsafe repositories (0)
2025-07-18 16:59:38.410 [info] [main] Log level: Info
2025-07-18 16:59:38.410 [info] [main] Validating found git in: "git"
2025-07-18 16:59:38.410 [info] [main] Using git "2.50.1" from "git"
2025-07-18 16:59:38.410 [info] [Model][doInitialScan] Initial repository scan started
2025-07-18 16:59:38.410 [info] > git rev-parse --show-toplevel [10ms]
2025-07-18 16:59:38.410 [info] fatal: not a git repository (or any of the parent directories): .git
2025-07-18 16:59:38.411 [info] > git rev-parse --show-toplevel [0ms]
2025-07-18 16:59:38.411 [info] fatal: not a git repository (or any of the parent directories): .git
2025-07-18 16:59:38.411 [info] [Model][doInitialScan] Initial repository scan completed - repositories (0), closed repositories (0), parent repositories (0), unsafe repositories (0)
2025-07-18 16:59:52.094 [info] > git rev-parse --show-toplevel [2ms]
2025-07-18 16:59:52.094 [info] fatal: not a git repository (or any of the parent directories): .git
2025-07-18 16:59:59.023 [info] > git rev-parse --show-toplevel [1ms]
2025-07-18 16:59:59.023 [info] fatal: not a git repository (or any of the parent directories): .git
2025-07-18 17:00:01.681 [info] > git rev-parse --show-toplevel [1ms]
2025-07-18 17:00:01.681 [info] fatal: not a git repository (or any of the parent directories): .git
2025-07-18 17:00:16.756 [info] > git rev-parse --show-toplevel [2ms]
2025-07-18 17:00:16.756 [info] fatal: not a git repository (or any of the parent directories): .git
2025-07-18 17:00:46.175 [info] > git rev-parse --show-toplevel [1ms]
2025-07-18 17:00:46.175 [info] fatal: not a git repository (or any of the parent directories): .git
2025-07-18 17:01:23.788 [info] > git rev-parse --show-toplevel [1ms]
2025-07-18 17:01:23.788 [info] fatal: not a git repository (or any of the parent directories): .git
2025-07-18 17:02:10.231 [info] > git rev-parse --show-toplevel [1ms]
2025-07-18 17:02:10.231 [info] fatal: not a git repository (or any of the parent directories): .git
2025-07-18 17:05:02.568 [info] > git rev-parse --show-toplevel [1ms]
2025-07-18 17:05:02.568 [info] fatal: not a git repository (or any of the parent directories): .git
2025-07-18 17:05:12.024 [info] > git rev-parse --show-toplevel [1ms]
2025-07-18 17:05:12.024 [info] fatal: not a git repository (or any of the parent directories): .git
2025-07-18 17:05:16.188 [info] > git rev-parse --show-toplevel [1ms]
2025-07-18 17:05:16.188 [info] fatal: not a git repository (or any of the parent directories): .git
2025-07-18 17:05:31.793 [info] > git rev-parse --show-toplevel [1ms]
2025-07-18 17:05:31.793 [info] fatal: not a git repository (or any of the parent directories): .git
2025-07-18 17:05:32.333 [info] > git rev-parse --show-toplevel [2ms]
2025-07-18 17:05:32.333 [info] fatal: not a git repository (or any of the parent directories): .git
2025-07-18 17:11:10.080 [info] > git rev-parse --show-toplevel [2ms]
2025-07-18 17:11:10.080 [info] fatal: not a git repository (or any of the parent directories): .git
2025-07-18 17:11:20.504 [info] > git rev-parse --show-toplevel [2ms]
2025-07-18 17:11:20.504 [info] fatal: not a git repository (or any of the parent directories): .git
2025-07-18 17:11:21.425 [info] > git rev-parse --show-toplevel [1ms]
2025-07-18 17:11:21.425 [info] fatal: not a git repository (or any of the parent directories): .git
2025-07-18 17:11:31.709 [info] > git rev-parse --show-toplevel [1ms]
2025-07-18 17:11:31.709 [info] fatal: not a git repository (or any of the parent directories): .git
2025-07-18 17:12:24.943 [info] > git rev-parse --show-toplevel [3ms]
2025-07-18 17:12:24.943 [info] fatal: not a git repository (or any of the parent directories): .git
2025-07-18 17:12:28.675 [info] > git rev-parse --show-toplevel [4ms]
2025-07-18 17:12:28.675 [info] fatal: not a git repository (or any of the parent directories): .git
2025-07-18 17:12:32.020 [info] > git rev-parse --show-toplevel [2ms]
2025-07-18 17:12:32.020 [info] fatal: not a git repository (or any of the parent directories): .git
2025-07-18 17:12:37.438 [info] > git rev-parse --show-toplevel [1ms]
2025-07-18 17:12:37.438 [info] fatal: not a git repository (or any of the parent directories): .git
2025-07-18 17:16:21.661 [info] > git rev-parse --show-toplevel [1ms]
2025-07-18 17:16:21.661 [info] fatal: not a git repository (or any of the parent directories): .git
2025-07-18 17:20:11.581 [info] > git rev-parse --show-toplevel [2ms]
2025-07-18 17:20:11.581 [info] fatal: not a git repository (or any of the parent directories): .git
2025-07-18 17:20:22.711 [info] > git rev-parse --show-toplevel [1ms]
2025-07-18 17:20:22.711 [info] fatal: not a git repository (or any of the parent directories): .git
2025-07-18 17:20:46.498 [info] > git rev-parse --show-toplevel [1ms]
2025-07-18 17:20:46.498 [info] fatal: not a git repository (or any of the parent directories): .git
2025-07-18 17:20:47.809 [info] > git rev-parse --show-toplevel [2ms]
2025-07-18 17:20:47.809 [info] fatal: not a git repository (or any of the parent directories): .git
2025-07-18 17:21:26.617 [info] > git rev-parse --show-toplevel [1ms]
2025-07-18 17:21:26.617 [info] fatal: not a git repository (or any of the parent directories): .git
2025-07-18 17:21:26.969 [info] > git rev-parse --show-toplevel [4ms]
2025-07-18 17:21:26.969 [info] fatal: not a git repository (or any of the parent directories): .git
2025-07-18 17:21:28.596 [info] > git rev-parse --show-toplevel [1ms]
2025-07-18 17:21:28.596 [info] fatal: not a git repository (or any of the parent directories): .git
2025-07-18 17:21:47.193 [info] > git rev-parse --show-toplevel [3ms]
2025-07-18 17:21:47.193 [info] fatal: not a git repository (or any of the parent directories): .git
2025-07-18 17:21:47.753 [info] > git rev-parse --show-toplevel [2ms]
2025-07-18 17:21:47.753 [info] fatal: not a git repository (or any of the parent directories): .git
2025-07-18 17:22:28.956 [info] > git rev-parse --show-toplevel [2ms]
2025-07-18 17:22:28.956 [info] fatal: not a git repository (or any of the parent directories): .git
2025-07-18 17:22:29.275 [info] > git rev-parse --show-toplevel [1ms]
2025-07-18 17:22:29.275 [info] fatal: not a git repository (or any of the parent directories): .git
2025-07-18 17:25:29.991 [info] > git rev-parse --show-toplevel [5ms]
2025-07-18 17:25:29.991 [info] fatal: not a git repository (or any of the parent directories): .git
2025-07-18 17:25:31.032 [info] > git rev-parse --show-toplevel [2ms]
2025-07-18 17:25:31.032 [info] fatal: not a git repository (or any of the parent directories): .git
2025-07-18 17:25:53.261 [info] > git rev-parse --show-toplevel [2ms]
2025-07-18 17:25:53.261 [info] fatal: not a git repository (or any of the parent directories): .git
2025-07-18 17:26:27.996 [info] > git rev-parse --show-toplevel [2ms]
2025-07-18 17:26:27.996 [info] fatal: not a git repository (or any of the parent directories): .git
2025-07-18 17:36:38.806 [info] > git rev-parse --show-toplevel [2ms]
2025-07-18 17:36:38.806 [info] fatal: not a git repository (or any of the parent directories): .git
2025-07-18 17:36:39.204 [info] > git rev-parse --show-toplevel [2ms]
2025-07-18 17:36:39.204 [info] fatal: not a git repository (or any of the parent directories): .git
2025-07-18 17:37:12.869 [info] > git rev-parse --show-toplevel [2ms]
2025-07-18 17:37:12.869 [info] fatal: not a git repository (or any of the parent directories): .git
2025-07-18 17:37:19.421 [info] > git rev-parse --show-toplevel [1ms]
2025-07-18 17:37:19.421 [info] fatal: not a git repository (or any of the parent directories): .git
2025-07-18 17:38:06.084 [info] > git rev-parse --show-toplevel [1ms]
2025-07-18 17:38:06.084 [info] fatal: not a git repository (or any of the parent directories): .git
2025-07-18 17:42:23.265 [info] > git rev-parse --show-toplevel [1ms]
2025-07-18 17:42:23.265 [info] fatal: not a git repository (or any of the parent directories): .git
2025-07-18 17:48:17.531 [info] > git rev-parse --show-toplevel [2ms]
2025-07-18 17:48:17.531 [info] fatal: not a git repository (or any of the parent directories): .git
2025-07-18 18:07:10.406 [info] > git rev-parse --show-toplevel [1ms]
2025-07-18 18:07:10.406 [info] fatal: not a git repository (or any of the parent directories): .git
2025-07-18 18:07:12.233 [info] > git rev-parse --show-toplevel [2ms]
2025-07-18 18:07:12.233 [info] fatal: not a git repository (or any of the parent directories): .git
